[15:49:42] IM: Event Recieved - UNKNOWN

[15:49:42] IM: Event Recieved - UNKNOWN

[15:49:42] IM: Event Recieved - UNKNOWN

[15:49:42] IM: Event Recieved - UNKNOWN

[15:49:42] IM: Event Recieved - UNKNOWN

[15:49:42] IM: Event Recieved - UNKNOWN

[15:49:42] IM: Event Recieved - UNKNOWN

[15:49:42] IM: Event Recieved - UNKNOWN

[15:49:42] IM: Event Recieved - UNKNOWN

[15:49:42] IM: Event Recieved - UNKNOWN

[15:49:42] IM: Event Recieved - UNKNOWN

[15:49:42] IM: Event Recieved - UNKNOWN

[15:49:42] IM: Event Recieved - UNKNOWN

[15:49:42] IM: Event Recieved - UNKNOWN

[15:49:42] IM: Event Recieved - UNKNOWN

[15:49:42] IM: Event Recieved - UNKNOWN

[15:49:42] IM: Event Recieved - UNKNOWN

[15:49:42] IM: Event Recieved - UNKNOWN

[15:49:42] IM: Event Recieved - UNKNOWN

[15:49:42] IM: Event Recieved - UNKNOWN

[15:49:42] IM: Event Recieved - UNKNOWN

[15:49:42] IM: Event Recieved - UNKNOWN

[15:49:42] IM: Event Recieved - UNKNOWN

[15:49:42] IM: Event Recieved - UNKNOWN

[15:49:42] IM: Event Recieved - UNKNOWN

[15:49:42] IM: Event Recieved - UNKNOWN

[15:49:42] IM: Event Recieved - UNKNOWN

[15:49:42] IM: Event Recieved - UNKNOWN

[15:49:42] IM: Event Recieved - UNKNOWN

[15:49:42] IM: Event Recieved - UNKNOWN

[15:49:42] IM: Event Recieved - UNKNOWN

[15:49:42] IM: Event Recieved - UNKNOWN

[15:49:42] IM: Event Recieved - UNKNOWN

[15:49:42] IM: Event Recieved - UNKNOWN

[15:49:42] IM: Event Recieved - UNKNOWN

[15:49:42] IM: Event Recieved - UNKNOWN

[15:49:42] IM: Event Recieved - UNKNOWN

[15:49:42] IM: Event Recieved - UNKNOWN

[15:49:42] IM: Event Recieved - UNKNOWN

[15:49:42] IM: Event Recieved - UNKNOWN

[15:49:42] IM: Event Recieved - UNKNOWN

[15:49:42] IM: Event Recieved - UNKNOWN

[15:49:42] IM: Event Recieved - UNKNOWN

[15:49:42] IM: Event Recieved - UNKNOWN

[15:49:42] IM: Event Recieved - UNKNOWN

[15:49:42] IM: Event Recieved - UNKNOWN

[15:49:42] IM: Event Recieved - UNKNOWN

[15:49:42] IM: Event Recieved - UNKNOWN

[15:49:42] IM: Event Recieved - UNKNOWN

[15:49:42] IM: Event Recieved - UNKNOWN

[15:49:42] IM: Event Recieved - UNKNOWN

[15:49:42] IM: Event Recieved - UNKNOWN

[15:49:42] IM: Event Recieved - UNKNOWN

[15:49:42] IM: Event Recieved - UNKNOWN

[15:49:42] IM: Event Recieved - UNKNOWN

[15:49:42] IM: Event Recieved - UNKNOWN

[15:49:42] IM: Event Recieved - UNKNOWN

[15:49:42] IM: Event Recieved - UNKNOWN

[15:49:42] IM: Event Recieved - UNKNOWN

[15:49:42] IM: Event Recieved - UNKNOWN

[15:49:42] IM: Event Recieved - UNKNOWN

[15:49:42] IM: Event Recieved - UNKNOWN

[15:49:42] IM: Event Recieved - UNKNOWN

[15:49:42] IM: Event Recieved - UNKNOWN

[15:49:42] IM: Event Recieved - UNKNOWN

[15:49:42] IM: Event Recieved - UNKNOWN

[15:49:42] IM: Event Recieved - UNKNOWN

[15:49:42] IM: Event Recieved - UNKNOWN

[15:49:42] IM: Event Recieved - UNKNOWN

[15:49:42] IM: Event Recieved - UNKNOWN

[15:49:42] IM: Event Recieved - UNKNOWN

[15:49:42] IM: Event Recieved - UNKNOWN

[15:49:42] IM: Event Recieved - UNKNOWN

[15:49:42] IM: Event Recieved - UNKNOWN

[15:49:42] IM: Event Recieved - UNKNOWN

[15:49:42] IM: Event Recieved - UNKNOWN

[15:49:42] IM: Event Recieved - UNKNOWN

[15:49:42] IM: Event Recieved - UNKNOWN

[15:49:42] IM: Event Recieved - UNKNOWN

[15:49:42] IM: Event Recieved - UNKNOWN

[15:49:42] IM: Event Recieved - UNKNOWN

[15:49:42] IM: Event Recieved - UNKNOWN

[15:49:42] IM: Event Recieved - UNKNOWN

[15:49:42] IM: Event Recieved - UNKNOWN

[15:49:42] IM: Event Recieved - UNKNOWN

[15:49:42] IM: Event Recieved - UNKNOWN

[15:49:42] IM: Event Recieved - UNKNOWN

[15:49:42] IM: Event Recieved - UNKNOWN

[15:49:42] IM: Event Recieved - UNKNOWN

[15:49:42] IM: Event Recieved - UNKNOWN

[15:49:42] IM: Event Recieved - UNKNOWN

[15:49:42] IM: Event Recieved - UNKNOWN

[15:49:42] IM: Event Recieved - UNKNOWN

[15:49:42] IM: Event Recieved - UNKNOWN

[15:49:42] IM: Event Recieved - UNKNOWN

[15:49:42] IM: Event Recieved - UNKNOWN

[15:49:42] IM: Event Recieved - UNKNOWN

[15:49:42] IM: Event Recieved - UNKNOWN

[15:49:42] IM: Event Recieved - UNKNOWN

[15:49:42] IM: Event Recieved - MouseMoved

[15:49:42] IM: Event Recieved - UNKNOWN

[15:49:42] IM: Event Recieved - MouseMoved

[15:49:42] IM: Event Recieved - UNKNOWN

[15:49:42] IM: Event Recieved - UNKNOWN

[15:49:42] IM: Event Recieved - UNKNOWN

[15:49:42] IM: Event Recieved - UNKNOWN

[15:49:42] IM: Event Recieved - UNKNOWN

[15:49:42] IM: Event Recieved - MouseMoved

[15:49:42] IM: Event Recieved - UNKNOWN

[15:49:42] IM: Event Recieved - UNKNOWN

[15:49:42] IM: Event Recieved - UNKNOWN

[15:49:42] IM: Event Recieved - UNKNOWN

[15:49:42] IM: Event Recieved - UNKNOWN

[15:49:42] IM: Event Recieved - MouseMoved

[15:49:42] IM: Event Recieved - UNKNOWN

[15:49:42] IM: Event Recieved - UNKNOWN

[15:49:42] IM: Event Recieved - UNKNOWN

[15:49:42] IM: Event Recieved - UNKNOWN

[15:49:42] IM: Event Recieved - UNKNOWN

[15:49:42] IM: Event Recieved - MouseMoved

[15:49:42] IM: Event Recieved - UNKNOWN

[15:49:42] IM: Event Recieved - UNKNOWN

[15:49:42] IM: Event Recieved - UNKNOWN

[15:49:42] IM: Event Recieved - UNKNOWN

[15:49:42] IM: Event Recieved - MouseMoved

[15:49:42] IM: Event Recieved - UNKNOWN

[15:49:42] IM: Event Recieved - UNKNOWN

[15:49:42] IM: Event Recieved - MouseMoved

[15:49:42] IM: Event Recieved - UNKNOWN

[15:49:42] IM: Event Recieved - UNKNOWN

[15:49:42] IM: Event Recieved - UNKNOWN

[15:49:42] IM: Event Recieved - MouseMoved

[15:49:42] IM: Event Recieved - UNKNOWN

[15:49:42] IM: Event Recieved - UNKNOWN

[15:49:42] IM: Event Recieved - UNKNOWN

[15:49:42] IM: Event Recieved - UNKNOWN

[15:49:42] IM: Event Recieved - MouseMoved

[15:49:42] IM: Event Recieved - UNKNOWN

[15:49:42] IM: Event Recieved - UNKNOWN

[15:49:42] IM: Event Recieved - UNKNOWN

[15:49:42] IM: Event Recieved - UNKNOWN

[15:49:42] IM: Event Recieved - UNKNOWN

[15:49:42] IM: Event Recieved - MouseMoved

[15:49:42] IM: Event Recieved - UNKNOWN

[15:49:42] IM: Event Recieved - UNKNOWN

[15:49:42] IM: Event Recieved - UNKNOWN

[15:49:42] IM: Event Recieved - UNKNOWN

[15:49:42] IM: Event Recieved - UNKNOWN

[15:49:42] IM: Event Recieved - MouseMoved

[15:49:43] IM: Event Recieved - UNKNOWN

[15:49:43] IM: Event Recieved - UNKNOWN

[15:49:43] IM: Event Recieved - UNKNOWN

[15:49:43] IM: Event Recieved - UNKNOWN

[15:49:43] IM: Event Recieved - MouseMoved

[15:49:43] IM: Event Recieved - UNKNOWN

[15:49:43] IM: Event Recieved - UNKNOWN

[15:49:43] IM: Event Recieved - UNKNOWN

[15:49:43] IM: Event Recieved - UNKNOWN

[15:49:43] IM: Event Recieved - UNKNOWN

[15:49:43] IM: Event Recieved - MouseMoved

[15:49:43] IM: Event Recieved - UNKNOWN

[15:49:43] IM: Event Recieved - UNKNOWN

[15:49:43] IM: Event Recieved - UNKNOWN

[15:49:43] IM: Event Recieved - UNKNOWN

[15:49:43] IM: Event Recieved - UNKNOWN

[15:49:43] IM: Event Recieved - MouseMoved

[15:49:43] IM: Event Recieved - UNKNOWN

[15:49:43] IM: Event Recieved - UNKNOWN

[15:49:43] IM: Event Recieved - UNKNOWN

[15:49:43] IM: Event Recieved - MouseMoved

[15:49:43] IM: Event Recieved - UNKNOWN

[15:49:43] IM: Event Recieved - UNKNOWN

[15:49:43] IM: Event Recieved - MouseMoved

[15:49:43] IM: Event Recieved - UNKNOWN

[15:49:43] IM: Event Recieved - MouseButtonPressed

[15:49:43] IM: Event Recieved - UNKNOWN

[15:49:43] IM: Event Recieved - UNKNOWN

[15:49:45] IM: Event Recieved - KeyPressed

[15:49:45] IM: Event Recieved - MouseMoved

[15:49:45] IM: Event Recieved - MouseMoved

[15:49:45] IM: Event Recieved - KeyPressed

[15:49:45] IM: Event Recieved - MouseMoved

[15:49:45] IM: Event Recieved - KeyPressed

[15:49:45] IM: Event Recieved - MouseMoved

[15:49:45] IM: Event Recieved - KeyPressed

[15:49:45] IM: Event Recieved - MouseMoved

[15:49:45] IM: Event Recieved - KeyPressed

[15:49:45] IM: Event Recieved - MouseMoved

[15:49:45] IM: Event Recieved - KeyPressed

[15:49:45] IM: Event Recieved - MouseMoved

[15:49:45] IM: Event Recieved - KeyPressed

[15:49:45] IM: Event Recieved - KeyReleased

[15:49:45] IM: Event Recieved - MouseMoved

[15:49:45] IM: Event Recieved - KeyPressed

[15:49:45] IM: Event Recieved - MouseMoved

[15:49:45] IM: Event Recieved - KeyReleased

[15:49:46] IM: Event Recieved - KeyPressed

[15:49:46] IM: Event Recieved - MouseMoved

[15:49:46] IM: Event Recieved - KeyReleased

[15:49:46] IM: Event Recieved - KeyPressed

[15:49:46] IM: Event Recieved - MouseMoved

[15:49:46] IM: Event Recieved - KeyReleased

[15:49:46] IM: Event Recieved - KeyPressed

[15:49:46] IM: Event Recieved - MouseMoved

[15:49:46] IM: Event Recieved - KeyReleased

[15:49:46] IM: Event Recieved - KeyPressed

[15:49:46] IM: Event Recieved - MouseMoved

[15:49:46] IM: Event Recieved - KeyReleased

[15:49:47] IM: Event Recieved - KeyPressed

[15:49:47] IM: Event Recieved - MouseMoved

[15:49:47] IM: Event Recieved - KeyReleased

[15:49:47] IM: Event Recieved - KeyPressed

[15:49:47] IM: Event Recieved - MouseMoved

[15:49:47] IM: Event Recieved - KeyReleased

[15:49:47] IM: Event Recieved - KeyPressed

[15:49:47] IM: Event Recieved - UNKNOWN

[15:49:47] 	Object.eventHandler: EventStep Handled.
[15:49:47] 	Object.eventHandler: EventStep Handled.
[15:49:47] 	Object.eventHandler: EventStep Handled.
[15:49:47] 	Object.eventHandler: EventStep Handled.
[15:49:47] IM: Event Recieved - KeyReleased

[15:49:47] 	Object.eventHandler: EventStep Handled.
[15:49:47] 	Object.eventHandler: EventStep Handled.
[15:49:47] 	Object.eventHandler: EventStep Handled.
[15:49:47] 	Object.eventHandler: EventStep Handled.
[15:49:48] 	Object.eventHandler: EventStep Handled.
[15:49:48] 	Object.eventHandler: EventStep Handled.
[15:49:48] 	Object.eventHandler: EventStep Handled.
[15:49:48] 	Object.eventHandler: EventStep Handled.
[15:49:48] 	Object.eventHandler: EventStep Handled.
[15:49:48] 	Object.eventHandler: EventStep Handled.
[15:49:48] 	Object.eventHandler: EventStep Handled.
[15:49:48] 	Object.eventHandler: EventStep Handled.
[15:49:48] 	Object.eventHandler: EventStep Handled.
[15:49:48] 	Object.eventHandler: EventStep Handled.
[15:49:48] 	Object.eventHandler: EventStep Handled.
[15:49:48] 	Object.eventHandler: EventStep Handled.
[15:49:48] 	Object.eventHandler: EventStep Handled.
[15:49:48] 	Object.eventHandler: EventStep Handled.
[15:49:48] 	Object.eventHandler: EventStep Handled.
[15:49:48] 	Object.eventHandler: EventStep Handled.
[15:49:48] 	Object.eventHandler: EventStep Handled.
[15:49:48] 	Object.eventHandler: EventStep Handled.
[15:49:48] 	Object.eventHandler: EventStep Handled.
[15:49:48] 	Object.eventHandler: EventStep Handled.
[15:49:48] 	Object.eventHandler: EventStep Handled.
[15:49:48] 	Object.eventHandler: EventStep Handled.
[15:49:48] 	Object.eventHandler: EventStep Handled.
[15:49:48] 	Object.eventHandler: EventStep Handled.
[15:49:48] 	Object.eventHandler: EventStep Handled.
[15:49:48] 	Object.eventHandler: EventStep Handled.
[15:49:48] 	Object.eventHandler: EventStep Handled.
[15:49:48] 	Object.eventHandler: EventStep Handled.
[15:49:48] 	Object.eventHandler: EventStep Handled.
[15:49:48] 	Object.eventHandler: EventStep Handled.
[15:49:48] IM: Event Recieved - UNKNOWN

[15:49:48] IM: Event Recieved - UNKNOWN

[15:49:48] IM: Event Recieved - UNKNOWN

[15:49:48] IM: Event Recieved - MouseMoved

[15:49:48] IM: Event Recieved - MouseButtonPressed

[15:49:48] 	Object.eventHandler: EventStep Handled.
[15:49:48] 	Object.eventHandler: EventStep Handled.
[15:49:48] 	Object.eventHandler: EventStep Handled.
[15:49:48] 	Object.eventHandler: EventStep Handled.
[15:49:48] 	Object.eventHandler: EventStep Handled.
[15:49:48] 	Object.eventHandler: EventStep Handled.
[15:49:48] IM: Event Recieved - UNKNOWN

[15:49:48] IM: Event Recieved - UNKNOWN

[15:49:48] 	Object.eventHandler: EventStep Handled.
[15:49:48] 	Object.eventHandler: EventStep Handled.
[15:49:48] 	Object.eventHandler: EventStep Handled.
[15:49:48] 	Object.eventHandler: EventStep Handled.
[15:49:48] 	Object.eventHandler: EventStep Handled.
[15:49:48] 	Object.eventHandler: EventStep Handled.
[15:49:48] 	Object.eventHandler: EventStep Handled.
[15:49:48] 	Object.eventHandler: EventStep Handled.
[15:49:48] IM: Event Recieved - UNKNOWN

[15:49:48] IM: Event Recieved - UNKNOWN

[15:49:48] IM: Event Recieved - UNKNOWN

[15:49:48] IM: Event Recieved - MouseMoved

[15:49:48] 	Object.eventHandler: EventStep Handled.
[15:49:48] 	Object.eventHandler: EventStep Handled.
[15:49:48] IM: Event Recieved - UNKNOWN

[15:49:48] IM: Event Recieved - UNKNOWN

[15:49:48] IM: Event Recieved - UNKNOWN

[15:49:48] IM: Event Recieved - UNKNOWN

[15:49:48] IM: Event Recieved - UNKNOWN

[15:49:48] IM: Event Recieved - MouseMoved

[15:49:48] 	Object.eventHandler: EventStep Handled.
[15:49:48] 	Object.eventHandler: EventStep Handled.
[15:49:48] IM: Event Recieved - UNKNOWN

[15:49:48] IM: Event Recieved - UNKNOWN

[15:49:48] IM: Event Recieved - UNKNOWN

[15:49:48] IM: Event Recieved - UNKNOWN

[15:49:48] IM: Event Recieved - MouseMoved

[15:49:48] IM: Event Recieved - UNKNOWN

[15:49:48] IM: Event Recieved - MouseMoved

[15:49:48] 	Object.eventHandler: EventStep Handled.
[15:49:48] 	Object.eventHandler: EventStep Handled.
[15:49:48] IM: Event Recieved - UNKNOWN

[15:49:48] IM: Event Recieved - UNKNOWN

[15:49:48] IM: Event Recieved - UNKNOWN

[15:49:48] IM: Event Recieved - UNKNOWN

[15:49:48] IM: Event Recieved - MouseMoved

[15:49:48] IM: Event Recieved - UNKNOWN

[15:49:48] IM: Event Recieved - MouseMoved

[15:49:48] 	Object.eventHandler: EventStep Handled.
[15:49:48] 	Object.eventHandler: EventStep Handled.
[15:49:48] IM: Event Recieved - UNKNOWN

[15:49:48] IM: Event Recieved - UNKNOWN

[15:49:48] IM: Event Recieved - UNKNOWN

[15:49:48] IM: Event Recieved - UNKNOWN

[15:49:48] IM: Event Recieved - MouseMoved

[15:49:48] 	Object.eventHandler: EventStep Handled.
[15:49:48] 	Object.eventHandler: EventStep Handled.
[15:49:48] IM: Event Recieved - UNKNOWN

[15:49:48] IM: Event Recieved - UNKNOWN

[15:49:48] IM: Event Recieved - UNKNOWN

[15:49:48] IM: Event Recieved - UNKNOWN

[15:49:48] IM: Event Recieved - UNKNOWN

[15:49:48] IM: Event Recieved - MouseMoved

[15:49:48] 	Object.eventHandler: EventStep Handled.
[15:49:48] 	Object.eventHandler: EventStep Handled.
[15:49:48] IM: Event Recieved - UNKNOWN

[15:49:48] IM: Event Recieved - UNKNOWN

[15:49:48] IM: Event Recieved - UNKNOWN

[15:49:48] IM: Event Recieved - UNKNOWN

[15:49:48] IM: Event Recieved - UNKNOWN

[15:49:48] IM: Event Recieved - MouseMoved

[15:49:48] 	Object.eventHandler: EventStep Handled.
[15:49:48] 	Object.eventHandler: EventStep Handled.
[15:49:48] IM: Event Recieved - UNKNOWN

[15:49:48] IM: Event Recieved - UNKNOWN

[15:49:48] IM: Event Recieved - UNKNOWN

[15:49:48] IM: Event Recieved - UNKNOWN

[15:49:48] IM: Event Recieved - MouseMoved

[15:49:48] IM: Event Recieved - UNKNOWN

[15:49:48] IM: Event Recieved - MouseMoved

[15:49:48] 	Object.eventHandler: EventStep Handled.
[15:49:48] 	Object.eventHandler: EventStep Handled.
[15:49:48] IM: Event Recieved - UNKNOWN

[15:49:48] IM: Event Recieved - UNKNOWN

[15:49:48] IM: Event Recieved - UNKNOWN

[15:49:48] IM: Event Recieved - UNKNOWN

[15:49:48] IM: Event Recieved - MouseMoved

[15:49:48] IM: Event Recieved - UNKNOWN

[15:49:48] IM: Event Recieved - MouseMoved

[15:49:48] 	Object.eventHandler: EventStep Handled.
[15:49:48] 	Object.eventHandler: EventStep Handled.
[15:49:48] IM: Event Recieved - UNKNOWN

[15:49:48] IM: Event Recieved - UNKNOWN

[15:49:48] IM: Event Recieved - UNKNOWN

[15:49:48] IM: Event Recieved - MouseMoved

[15:49:49] 	Object.eventHandler: EventStep Handled.
[15:49:49] 	Object.eventHandler: EventStep Handled.
[15:49:49] IM: Event Recieved - UNKNOWN

[15:49:49] IM: Event Recieved - MouseButtonPressed

[15:49:49] 	Object.eventHandler: EventStep Handled.
[15:49:49] 	Object.eventHandler: EventStep Handled.
[15:49:49] 	Object.eventHandler: EventStep Handled.
[15:49:49] 	Object.eventHandler: EventStep Handled.
[15:49:49] 	Object.eventHandler: EventStep Handled.
[15:49:49] 	Object.eventHandler: EventStep Handled.
[15:49:49] 	Object.eventHandler: EventStep Handled.
[15:49:49] 	Object.eventHandler: EventStep Handled.
[15:49:49] IM: Event Recieved - UNKNOWN

[15:49:49] IM: Event Recieved - UNKNOWN

[15:49:49] 	Object.eventHandler: EventStep Handled.
[15:49:49] 	Object.eventHandler: EventStep Handled.
[15:49:49] 	Object.eventHandler: EventStep Handled.
[15:49:49] 	Object.eventHandler: EventStep Handled.
[15:49:49] 	Object.eventHandler: EventStep Handled.
[15:49:49] 	Object.eventHandler: EventStep Handled.
[15:49:49] 	Object.eventHandler: EventStep Handled.
[15:49:49] 	Object.eventHandler: EventStep Handled.
[15:49:49] 	Object.eventHandler: EventStep Handled.
[15:49:49] 	Object.eventHandler: EventStep Handled.
[15:49:49] IM: Event Recieved - UNKNOWN

[15:49:49] IM: Event Recieved - UNKNOWN

[15:49:49] IM: Event Recieved - UNKNOWN

[15:49:49] IM: Event Recieved - MouseMoved

[15:49:49] IM: Event Recieved - UNKNOWN

[15:49:49] IM: Event Recieved - MouseMoved

[15:49:49] 	Object.eventHandler: EventStep Handled.
[15:49:49] 	Object.eventHandler: EventStep Handled.
[15:49:49] IM: Event Recieved - UNKNOWN

[15:49:49] IM: Event Recieved - UNKNOWN

[15:49:49] IM: Event Recieved - UNKNOWN

[15:49:49] IM: Event Recieved - UNKNOWN

[15:49:49] IM: Event Recieved - MouseMoved

[15:49:49] IM: Event Recieved - UNKNOWN

[15:49:49] IM: Event Recieved - MouseMoved

[15:49:49] 	Object.eventHandler: EventStep Handled.
[15:49:49] 	Object.eventHandler: EventStep Handled.
[15:49:49] IM: Event Recieved - UNKNOWN

[15:49:49] IM: Event Recieved - UNKNOWN

[15:49:49] IM: Event Recieved - UNKNOWN

[15:49:49] IM: Event Recieved - UNKNOWN

[15:49:49] IM: Event Recieved - MouseMoved

[15:49:49] 	Object.eventHandler: EventStep Handled.
[15:49:49] 	Object.eventHandler: EventStep Handled.
[15:49:49] IM: Event Recieved - UNKNOWN

[15:49:49] IM: Event Recieved - UNKNOWN

[15:49:49] IM: Event Recieved - UNKNOWN

[15:49:49] IM: Event Recieved - UNKNOWN

[15:49:49] IM: Event Recieved - MouseMoved

[15:49:49] IM: Event Recieved - UNKNOWN

[15:49:49] IM: Event Recieved - MouseMoved

[15:49:49] 	Object.eventHandler: EventStep Handled.
[15:49:49] 	Object.eventHandler: EventStep Handled.
[15:49:49] IM: Event Recieved - UNKNOWN

[15:49:49] IM: Event Recieved - UNKNOWN

[15:49:49] IM: Event Recieved - UNKNOWN

[15:49:49] IM: Event Recieved - UNKNOWN

[15:49:49] IM: Event Recieved - MouseMoved

[15:49:49] IM: Event Recieved - UNKNOWN

[15:49:49] 	Object.eventHandler: EventStep Handled.
[15:49:49] 	Object.eventHandler: EventStep Handled.
[15:49:49] IM: Event Recieved - UNKNOWN

[15:49:49] IM: Event Recieved - UNKNOWN

[15:49:49] IM: Event Recieved - UNKNOWN

[15:49:49] IM: Event Recieved - MouseMoved

[15:49:49] IM: Event Recieved - UNKNOWN

[15:49:49] 	Object.eventHandler: EventStep Handled.
[15:49:49] 	Object.eventHandler: EventStep Handled.
[15:49:49] IM: Event Recieved - UNKNOWN

[15:49:49] IM: Event Recieved - MouseMoved

[15:49:49] 	Object.eventHandler: EventStep Handled.
[15:49:49] 	Object.eventHandler: EventStep Handled.
[15:49:49] IM: Event Recieved - UNKNOWN

[15:49:49] IM: Event Recieved - UNKNOWN

[15:49:49] IM: Event Recieved - UNKNOWN

[15:49:49] IM: Event Recieved - UNKNOWN

[15:49:49] IM: Event Recieved - MouseMoved

[15:49:49] 	Object.eventHandler: EventStep Handled.
[15:49:49] 	Object.eventHandler: EventStep Handled.
[15:49:49] IM: Event Recieved - UNKNOWN

[15:49:49] IM: Event Recieved - UNKNOWN

[15:49:49] IM: Event Recieved - UNKNOWN

[15:49:49] IM: Event Recieved - UNKNOWN

[15:49:49] IM: Event Recieved - MouseMoved

[15:49:49] IM: Event Recieved - UNKNOWN

[15:49:49] IM: Event Recieved - MouseMoved

[15:49:49] 	Object.eventHandler: EventStep Handled.
[15:49:49] 	Object.eventHandler: EventStep Handled.
[15:49:49] IM: Event Recieved - UNKNOWN

[15:49:49] IM: Event Recieved - UNKNOWN

[15:49:49] IM: Event Recieved - MouseMoved

[15:49:49] 	Object.eventHandler: EventStep Handled.
[15:49:49] 	Object.eventHandler: EventStep Handled.
[15:49:49] 	Object.eventHandler: EventStep Handled.
[15:49:49] 	Object.eventHandler: EventStep Handled.
[15:49:49] 	Object.eventHandler: EventStep Handled.
[15:49:49] 	Object.eventHandler: EventStep Handled.
[15:49:49] 	Object.eventHandler: EventStep Handled.
[15:49:49] 	Object.eventHandler: EventStep Handled.
[15:49:49] 	Object.eventHandler: EventStep Handled.
[15:49:49] 	Object.eventHandler: EventStep Handled.
[15:49:49] 	Object.eventHandler: EventStep Handled.
[15:49:49] 	Object.eventHandler: EventStep Handled.
[15:49:49] 	Object.eventHandler: EventStep Handled.
[15:49:49] 	Object.eventHandler: EventStep Handled.
[15:49:49] 	Object.eventHandler: EventStep Handled.
[15:49:49] 	Object.eventHandler: EventStep Handled.
[15:49:49] 	Object.eventHandler: EventStep Handled.
[15:49:49] 	Object.eventHandler: EventStep Handled.
[15:49:49] 	Object.eventHandler: EventStep Handled.
[15:49:49] 	Object.eventHandler: EventStep Handled.
[15:49:49] 	Object.eventHandler: EventStep Handled.
[15:49:49] 	Object.eventHandler: EventStep Handled.
[15:49:49] 	Object.eventHandler: EventStep Handled.
[15:49:49] 	Object.eventHandler: EventStep Handled.
[15:49:50] 	Object.eventHandler: EventStep Handled.
[15:49:50] 	Object.eventHandler: EventStep Handled.
[15:49:50] 	Object.eventHandler: EventStep Handled.
[15:49:50] 	Object.eventHandler: EventStep Handled.
[15:49:50] 	Object.eventHandler: EventStep Handled.
[15:49:50] 	Object.eventHandler: EventStep Handled.
[15:49:50] 	Object.eventHandler: EventStep Handled.
[15:49:50] 	Object.eventHandler: EventStep Handled.
[15:49:50] 	Object.eventHandler: EventStep Handled.
[15:49:50] 	Object.eventHandler: EventStep Handled.
[15:49:50] 	Object.eventHandler: EventStep Handled.
[15:49:50] 	Object.eventHandler: EventStep Handled.
[15:49:50] IM: Event Recieved - KeyPressed

[15:49:50] 	Object.eventHandler: EventStep Handled.
[15:49:50] 	Object.eventHandler: EventStep Handled.
[15:49:50] IM: Event Recieved - MouseMoved

[15:49:50] 	Object.eventHandler: EventStep Handled.
[15:49:50] 	Object.eventHandler: EventStep Handled.
[15:49:50] 	Object.eventHandler: EventStep Handled.
[15:49:50] 	Object.eventHandler: EventStep Handled.
[15:49:50] IM: Event Recieved - KeyReleased

[15:49:50] 	Object.eventHandler: EventStep Handled.
[15:49:50] 	Object.eventHandler: EventStep Handled.
[15:49:50] 	Object.eventHandler: EventStep Handled.
[15:49:50] 	Object.eventHandler: EventStep Handled.
[15:49:50] 	Object.eventHandler: EventStep Handled.
[15:49:50] 	Object.eventHandler: EventStep Handled.
[15:49:50] 	Object.eventHandler: EventStep Handled.
[15:49:50] 	Object.eventHandler: EventStep Handled.
[15:49:50] 	Object.eventHandler: EventStep Handled.
[15:49:50] 	Object.eventHandler: EventStep Handled.
[15:49:50] 	Object.eventHandler: EventStep Handled.
[15:49:50] 	Object.eventHandler: EventStep Handled.
[15:49:50] 	Object.eventHandler: EventStep Handled.
[15:49:50] 	Object.eventHandler: EventStep Handled.
[15:49:50] 	Object.eventHandler: EventStep Handled.
[15:49:50] 	Object.eventHandler: EventStep Handled.
[15:49:50] 	Object.eventHandler: EventStep Handled.
[15:49:50] 	Object.eventHandler: EventStep Handled.
[15:49:50] 	Object.eventHandler: EventStep Handled.
[15:49:50] 	Object.eventHandler: EventStep Handled.
[15:49:50] 	Object.eventHandler: EventStep Handled.
[15:49:50] 	Object.eventHandler: EventStep Handled.
[15:49:50] 	Object.eventHandler: EventStep Handled.
[15:49:50] 	Object.eventHandler: EventStep Handled.
[15:49:50] 	Object.eventHandler: EventStep Handled.
[15:49:50] 	Object.eventHandler: EventStep Handled.
[15:49:50] 	Object.eventHandler: EventStep Handled.
[15:49:50] 	Object.eventHandler: EventStep Handled.
[15:49:50] 	Object.eventHandler: Event Handled.
[15:49:50] 	Object.eventHandler: Event Handled.
[15:49:50] 	Object.eventHandler: EventStep Handled.
[15:49:50] 	Object.eventHandler: EventStep Handled.
[15:49:50] IM: Event Recieved - UNKNOWN

[15:49:50] IM: Event Recieved - UNKNOWN

[15:49:50] IM: Event Recieved - UNKNOWN

[15:49:50] IM: Event Recieved - UNKNOWN

[15:49:50] IM: Event Recieved - UNKNOWN

[15:49:50] IM: Event Recieved - MouseMoved

[15:49:50] 	Object.eventHandler: EventStep Handled.
[15:49:50] 	Object.eventHandler: EventStep Handled.
[15:49:50] IM: Event Recieved - UNKNOWN

[15:49:50] IM: Event Recieved - UNKNOWN

[15:49:50] IM: Event Recieved - UNKNOWN

[15:49:50] IM: Event Recieved - UNKNOWN

[15:49:50] IM: Event Recieved - UNKNOWN

[15:49:50] IM: Event Recieved - MouseMoved

[15:49:50] 	Object.eventHandler: EventStep Handled.
[15:49:50] 	Object.eventHandler: EventStep Handled.
[15:49:50] IM: Event Recieved - UNKNOWN

[15:49:50] IM: Event Recieved - UNKNOWN

[15:49:50] IM: Event Recieved - UNKNOWN

[15:49:50] IM: Event Recieved - UNKNOWN

[15:49:50] IM: Event Recieved - MouseMoved

[15:49:50] IM: Event Recieved - UNKNOWN

[15:49:50] IM: Event Recieved - MouseMoved

[15:49:50] 	Object.eventHandler: EventStep Handled.
[15:49:50] 	Object.eventHandler: EventStep Handled.
[15:49:50] IM: Event Recieved - UNKNOWN

[15:49:50] IM: Event Recieved - UNKNOWN

[15:49:50] IM: Event Recieved - UNKNOWN

[15:49:50] IM: Event Recieved - UNKNOWN

[15:49:50] IM: Event Recieved - MouseMoved

[15:49:50] IM: Event Recieved - UNKNOWN

[15:49:50] IM: Event Recieved - MouseMoved

[15:49:50] 	Object.eventHandler: EventStep Handled.
[15:49:50] 	Object.eventHandler: EventStep Handled.
[15:49:50] IM: Event Recieved - UNKNOWN

[15:49:50] IM: Event Recieved - UNKNOWN

[15:49:50] IM: Event Recieved - UNKNOWN

[15:49:50] IM: Event Recieved - UNKNOWN

[15:49:50] IM: Event Recieved - MouseMoved

[15:49:50] 	Object.eventHandler: EventStep Handled.
[15:49:50] 	Object.eventHandler: EventStep Handled.
[15:49:50] IM: Event Recieved - UNKNOWN

[15:49:50] IM: Event Recieved - UNKNOWN

[15:49:50] IM: Event Recieved - UNKNOWN

[15:49:50] IM: Event Recieved - UNKNOWN

[15:49:50] IM: Event Recieved - UNKNOWN

[15:49:50] IM: Event Recieved - MouseMoved

[15:49:50] 	Object.eventHandler: EventStep Handled.
[15:49:50] 	Object.eventHandler: EventStep Handled.
[15:49:50] IM: Event Recieved - UNKNOWN

[15:49:50] IM: Event Recieved - UNKNOWN

[15:49:50] IM: Event Recieved - UNKNOWN

[15:49:50] IM: Event Recieved - UNKNOWN

[15:49:50] IM: Event Recieved - UNKNOWN

[15:49:50] IM: Event Recieved - MouseMoved

[15:49:50] IM: Event Recieved - UNKNOWN

[15:49:51] 	Object.eventHandler: EventStep Handled.
[15:49:51] 	Object.eventHandler: EventStep Handled.
[15:49:51] IM: Event Recieved - UNKNOWN

[15:49:51] IM: Event Recieved - UNKNOWN

[15:49:51] IM: Event Recieved - UNKNOWN

[15:49:51] IM: Event Recieved - UNKNOWN

[15:49:51] IM: Event Recieved - MouseMoved

[15:49:51] 	Object.eventHandler: EventStep Handled.
[15:49:51] 	Object.eventHandler: EventStep Handled.
[15:49:51] IM: Event Recieved - UNKNOWN

[15:49:51] 	Object.eventHandler: EventStep Handled.
[15:49:51] 	Object.eventHandler: EventStep Handled.
[15:49:51] IM: Event Recieved - UNKNOWN

[15:49:51] IM: Event Recieved - UNKNOWN

[15:49:51] IM: Event Recieved - MouseMoved

[15:49:51] IM: Event Recieved - MouseButtonPressed

[15:49:51] 	Object.eventHandler: EventStep Handled.
[15:49:51] 	Object.eventHandler: EventStep Handled.
[15:49:51] 	Object.eventHandler: EventStep Handled.
[15:49:51] 	Object.eventHandler: EventStep Handled.
[15:49:51] 	Object.eventHandler: EventStep Handled.
[15:49:51] 	Object.eventHandler: EventStep Handled.
[15:49:51] IM: Event Recieved - UNKNOWN

[15:49:51] IM: Event Recieved - UNKNOWN

[15:49:51] 	Object.eventHandler: EventStep Handled.
[15:49:51] 	Object.eventHandler: EventStep Handled.
[15:49:51] 	Object.eventHandler: EventStep Handled.
[15:49:51] 	Object.eventHandler: EventStep Handled.
[15:49:51] 	Object.eventHandler: EventStep Handled.
[15:49:51] 	Object.eventHandler: EventStep Handled.
[15:49:51] 	Object.eventHandler: EventStep Handled.
[15:49:51] 	Object.eventHandler: EventStep Handled.
[15:49:51] 	Object.eventHandler: EventStep Handled.
[15:49:51] 	Object.eventHandler: EventStep Handled.
[15:49:51] 	Object.eventHandler: EventStep Handled.
[15:49:51] 	Object.eventHandler: EventStep Handled.
[15:49:51] 	Object.eventHandler: EventStep Handled.
[15:49:51] 	Object.eventHandler: EventStep Handled.
[15:49:51] IM: Event Recieved - UNKNOWN

[15:49:51] IM: Event Recieved - UNKNOWN

[15:49:51] IM: Event Recieved - UNKNOWN

[15:49:51] IM: Event Recieved - UNKNOWN

[15:49:51] IM: Event Recieved - UNKNOWN

[15:49:51] IM: Event Recieved - MouseMoved

[15:49:51] 	Object.eventHandler: EventStep Handled.
[15:49:51] 	Object.eventHandler: EventStep Handled.
[15:49:51] IM: Event Recieved - UNKNOWN

[15:49:51] IM: Event Recieved - UNKNOWN

[15:49:51] IM: Event Recieved - UNKNOWN

[15:49:51] IM: Event Recieved - UNKNOWN

[15:49:51] IM: Event Recieved - UNKNOWN

[15:49:51] IM: Event Recieved - MouseMoved

[15:49:51] 	Object.eventHandler: EventStep Handled.
[15:49:51] 	Object.eventHandler: EventStep Handled.
[15:49:51] IM: Event Recieved - UNKNOWN

[15:49:51] IM: Event Recieved - UNKNOWN

[15:49:51] IM: Event Recieved - UNKNOWN

[15:49:51] IM: Event Recieved - UNKNOWN

[15:49:51] IM: Event Recieved - MouseMoved

[15:49:51] IM: Event Recieved - UNKNOWN

[15:49:51] IM: Event Recieved - MouseMoved

[15:49:51] IM: Event Recieved - UNKNOWN

[15:49:51] IM: Event Recieved - MouseMoved

[15:49:51] 	Object.eventHandler: EventStep Handled.
[15:49:51] 	Object.eventHandler: EventStep Handled.
[15:49:51] IM: Event Recieved - UNKNOWN

[15:49:51] IM: Event Recieved - UNKNOWN

[15:49:51] IM: Event Recieved - UNKNOWN

[15:49:51] IM: Event Recieved - MouseMoved

[15:49:51] IM: Event Recieved - UNKNOWN

[15:49:51] IM: Event Recieved - MouseMoved

[15:49:51] 	Object.eventHandler: EventStep Handled.
[15:49:51] 	Object.eventHandler: EventStep Handled.
[15:49:51] IM: Event Recieved - UNKNOWN

[15:49:51] IM: Event Recieved - UNKNOWN

[15:49:51] IM: Event Recieved - UNKNOWN

[15:49:51] IM: Event Recieved - UNKNOWN

[15:49:51] IM: Event Recieved - MouseMoved

[15:49:51] 	Object.eventHandler: EventStep Handled.
[15:49:51] 	Object.eventHandler: EventStep Handled.
[15:49:51] IM: Event Recieved - UNKNOWN

[15:49:51] IM: Event Recieved - UNKNOWN

[15:49:51] IM: Event Recieved - UNKNOWN

[15:49:51] IM: Event Recieved - UNKNOWN

[15:49:51] IM: Event Recieved - UNKNOWN

[15:49:51] IM: Event Recieved - MouseMoved

[15:49:51] 	Object.eventHandler: EventStep Handled.
[15:49:51] 	Object.eventHandler: EventStep Handled.
[15:49:51] IM: Event Recieved - UNKNOWN

[15:49:51] IM: Event Recieved - UNKNOWN

[15:49:51] IM: Event Recieved - UNKNOWN

[15:49:51] IM: Event Recieved - UNKNOWN

[15:49:51] IM: Event Recieved - MouseMoved

[15:49:51] IM: Event Recieved - UNKNOWN

[15:49:51] IM: Event Recieved - MouseMoved

[15:49:51] 	Object.eventHandler: EventStep Handled.
[15:49:51] 	Object.eventHandler: EventStep Handled.
[15:49:51] IM: Event Recieved - UNKNOWN

[15:49:51] IM: Event Recieved - UNKNOWN

[15:49:51] IM: Event Recieved - UNKNOWN

[15:49:51] IM: Event Recieved - UNKNOWN

[15:49:51] IM: Event Recieved - MouseMoved

[15:49:51] IM: Event Recieved - UNKNOWN

[15:49:51] IM: Event Recieved - MouseMoved

[15:49:51] 	Object.eventHandler: EventStep Handled.
[15:49:51] 	Object.eventHandler: EventStep Handled.
[15:49:51] IM: Event Recieved - UNKNOWN

[15:49:51] IM: Event Recieved - UNKNOWN

[15:49:51] IM: Event Recieved - UNKNOWN

[15:49:51] IM: Event Recieved - UNKNOWN

[15:49:51] IM: Event Recieved - MouseMoved

[15:49:51] 	Object.eventHandler: EventStep Handled.
[15:49:51] 	Object.eventHandler: EventStep Handled.
[15:49:51] IM: Event Recieved - UNKNOWN

[15:49:51] IM: Event Recieved - UNKNOWN

[15:49:51] IM: Event Recieved - UNKNOWN

[15:49:51] IM: Event Recieved - UNKNOWN

[15:49:51] IM: Event Recieved - UNKNOWN

[15:49:51] IM: Event Recieved - MouseMoved

[15:49:51] 	Object.eventHandler: EventStep Handled.
[15:49:51] 	Object.eventHandler: EventStep Handled.
[15:49:51] IM: Event Recieved - UNKNOWN

[15:49:51] IM: Event Recieved - UNKNOWN

[15:49:51] IM: Event Recieved - UNKNOWN

[15:49:51] IM: Event Recieved - UNKNOWN

[15:49:51] IM: Event Recieved - MouseMoved

[15:49:51] IM: Event Recieved - UNKNOWN

[15:49:51] 	Object.eventHandler: EventStep Handled.
[15:49:51] 	Object.eventHandler: EventStep Handled.
[15:49:51] IM: Event Recieved - UNKNOWN

[15:49:51] IM: Event Recieved - UNKNOWN

[15:49:51] IM: Event Recieved - UNKNOWN

[15:49:51] IM: Event Recieved - UNKNOWN

[15:49:51] IM: Event Recieved - MouseMoved

[15:49:51] IM: Event Recieved - UNKNOWN

[15:49:51] IM: Event Recieved - MouseMoved

[15:49:51] IM: Event Recieved - UNKNOWN

[15:49:51] IM: Event Recieved - MouseMoved

[15:49:51] 	Object.eventHandler: EventStep Handled.
[15:49:51] 	Object.eventHandler: EventStep Handled.
[15:49:51] IM: Event Recieved - UNKNOWN

[15:49:51] IM: Event Recieved - UNKNOWN

[15:49:51] IM: Event Recieved - UNKNOWN

[15:49:51] IM: Event Recieved - MouseMoved

[15:49:51] IM: Event Recieved - UNKNOWN

[15:49:51] IM: Event Recieved - MouseMoved

[15:49:51] 	Object.eventHandler: EventStep Handled.
[15:49:51] 	Object.eventHandler: EventStep Handled.
[15:49:51] IM: Event Recieved - UNKNOWN

[15:49:51] IM: Event Recieved - UNKNOWN

[15:49:51] IM: Event Recieved - MouseMoved

[15:49:51] IM: Event Recieved - UNKNOWN

[15:49:51] IM: Event Recieved - MouseMoved

[15:49:51] 	Object.eventHandler: EventStep Handled.
[15:49:51] 	Object.eventHandler: EventStep Handled.
[15:49:51] IM: Event Recieved - UNKNOWN

[15:49:51] IM: Event Recieved - UNKNOWN

[15:49:51] IM: Event Recieved - UNKNOWN

[15:49:51] IM: Event Recieved - UNKNOWN

[15:49:51] IM: Event Recieved - MouseMoved

[15:49:51] 	Object.eventHandler: EventStep Handled.
[15:49:51] 	Object.eventHandler: EventStep Handled.
[15:49:51] IM: Event Recieved - UNKNOWN

[15:49:51] IM: Event Recieved - UNKNOWN

[15:49:51] IM: Event Recieved - UNKNOWN

[15:49:51] IM: Event Recieved - UNKNOWN

[15:49:51] IM: Event Recieved - UNKNOWN

[15:49:51] IM: Event Recieved - MouseMoved

[15:49:51] 	Object.eventHandler: EventStep Handled.
[15:49:51] 	Object.eventHandler: EventStep Handled.
[15:49:51] IM: Event Recieved - UNKNOWN

[15:49:51] IM: Event Recieved - UNKNOWN

[15:49:51] IM: Event Recieved - UNKNOWN

[15:49:51] IM: Event Recieved - UNKNOWN

[15:49:51] IM: Event Recieved - MouseMoved

[15:49:51] IM: Event Recieved - UNKNOWN

[15:49:51] IM: Event Recieved - MouseMoved

[15:49:51] 	Object.eventHandler: EventStep Handled.
[15:49:51] 	Object.eventHandler: EventStep Handled.
[15:49:51] IM: Event Recieved - UNKNOWN

[15:49:51] IM: Event Recieved - UNKNOWN

[15:49:51] IM: Event Recieved - UNKNOWN

[15:49:51] IM: Event Recieved - MouseMoved

[15:49:51] IM: Event Recieved - UNKNOWN

[15:49:51] 	Object.eventHandler: EventStep Handled.
[15:49:51] 	Object.eventHandler: EventStep Handled.
[15:49:51] IM: Event Recieved - KeyPressed

[15:49:51] IM: Event Recieved - UNKNOWN

[15:49:51] IM: Event Recieved - UNKNOWN

[15:49:51] IM: Event Recieved - MouseMoved

[15:49:51] IM: Event Recieved - UNKNOWN

[15:49:51] IM: Event Recieved - MouseMoved

[15:49:52] 	Object.eventHandler: EventStep Handled.
[15:49:52] 	Object.eventHandler: EventStep Handled.
[15:49:52] IM: Event Recieved - UNKNOWN

[15:49:52] 	Object.eventHandler: EventStep Handled.
[15:49:52] 	Object.eventHandler: EventStep Handled.
[15:49:52] IM: Event Recieved - UNKNOWN

[15:49:52] IM: Event Recieved - MouseMoved

[15:49:52] IM: Event Recieved - UNKNOWN

[15:49:52] 	Object.eventHandler: EventStep Handled.
[15:49:52] 	Object.eventHandler: EventStep Handled.
[15:49:52] IM: Event Recieved - UNKNOWN

[15:49:52] IM: Event Recieved - UNKNOWN

[15:49:52] IM: Event Recieved - UNKNOWN

[15:49:52] IM: Event Recieved - MouseMoved

[15:49:52] IM: Event Recieved - UNKNOWN

[15:49:52] 	Object.eventHandler: EventStep Handled.
[15:49:52] 	Object.eventHandler: EventStep Handled.
[15:49:52] IM: Event Recieved - UNKNOWN

[15:49:52] IM: Event Recieved - UNKNOWN

[15:49:52] IM: Event Recieved - UNKNOWN

[15:49:52] IM: Event Recieved - MouseMoved

[15:49:52] 	Object.eventHandler: EventStep Handled.
[15:49:52] 	Object.eventHandler: EventStep Handled.
[15:49:52] IM: Event Recieved - UNKNOWN

[15:49:52] IM: Event Recieved - UNKNOWN

[15:49:52] IM: Event Recieved - MouseMoved

[15:49:52] 	Object.eventHandler: EventStep Handled.
[15:49:52] 	Object.eventHandler: EventStep Handled.
[15:49:52] IM: Event Recieved - UNKNOWN

[15:49:52] IM: Event Recieved - UNKNOWN

[15:49:52] IM: Event Recieved - UNKNOWN

[15:49:52] IM: Event Recieved - UNKNOWN

[15:49:52] IM: Event Recieved - MouseMoved

[15:49:52] 	Object.eventHandler: EventStep Handled.
[15:49:52] 	Object.eventHandler: EventStep Handled.
[15:49:52] IM: Event Recieved - UNKNOWN

[15:49:52] IM: Event Recieved - MouseMoved

[15:49:52] IM: Event Recieved - KeyReleased

[15:49:52] IM: Event Recieved - UNKNOWN

[15:49:52] IM: Event Recieved - UNKNOWN

[15:49:52] IM: Event Recieved - UNKNOWN

[15:49:52] IM: Event Recieved - MouseMoved

[15:49:52] IM: Event Recieved - UNKNOWN

[15:49:52] 	Object.eventHandler: EventStep Handled.
[15:49:52] 	Object.eventHandler: EventStep Handled.
[15:49:52] IM: Event Recieved - UNKNOWN

[15:49:52] IM: Event Recieved - UNKNOWN

[15:49:52] IM: Event Recieved - UNKNOWN

[15:49:52] IM: Event Recieved - UNKNOWN

[15:49:52] IM: Event Recieved - MouseMoved

[15:49:52] IM: Event Recieved - UNKNOWN

[15:49:52] IM: Event Recieved - MouseMoved

[15:49:52] 	Object.eventHandler: Event Handled.
[15:49:52] 	Object.eventHandler: Event Handled.
[15:49:52] 	Object.eventHandler: EventStep Handled.
[15:49:52] 	Object.eventHandler: EventStep Handled.
[15:49:52] IM: Event Recieved - UNKNOWN

[15:49:52] IM: Event Recieved - UNKNOWN

[15:49:52] IM: Event Recieved - UNKNOWN

[15:49:52] IM: Event Recieved - UNKNOWN

[15:49:52] IM: Event Recieved - MouseMoved

[15:49:52] 	Object.eventHandler: EventStep Handled.
[15:49:52] 	Object.eventHandler: EventStep Handled.
[15:49:52] IM: Event Recieved - UNKNOWN

[15:49:52] IM: Event Recieved - UNKNOWN

[15:49:52] IM: Event Recieved - UNKNOWN

[15:49:52] IM: Event Recieved - UNKNOWN

[15:49:52] IM: Event Recieved - UNKNOWN

[15:49:52] IM: Event Recieved - MouseMoved

[15:49:52] 	Object.eventHandler: EventStep Handled.
[15:49:52] 	Object.eventHandler: EventStep Handled.
[15:49:52] IM: Event Recieved - UNKNOWN

[15:49:52] IM: Event Recieved - UNKNOWN

[15:49:52] IM: Event Recieved - UNKNOWN

[15:49:52] IM: Event Recieved - UNKNOWN

[15:49:52] IM: Event Recieved - UNKNOWN

[15:49:52] IM: Event Recieved - MouseMoved

[15:49:52] 	Object.eventHandler: EventStep Handled.
[15:49:52] 	Object.eventHandler: EventStep Handled.
[15:49:52] IM: Event Recieved - UNKNOWN

[15:49:52] IM: Event Recieved - UNKNOWN

[15:49:52] IM: Event Recieved - UNKNOWN

[15:49:52] IM: Event Recieved - UNKNOWN

[15:49:52] IM: Event Recieved - MouseMoved

[15:49:52] IM: Event Recieved - UNKNOWN

[15:49:52] 	Object.eventHandler: EventStep Handled.
[15:49:52] 	Object.eventHandler: EventStep Handled.
[15:49:52] IM: Event Recieved - UNKNOWN

[15:49:52] IM: Event Recieved - UNKNOWN

[15:49:52] IM: Event Recieved - UNKNOWN

[15:49:52] IM: Event Recieved - MouseMoved

[15:49:52] 	Object.eventHandler: EventStep Handled.
[15:49:52] 	Object.eventHandler: EventStep Handled.
[15:49:52] IM: Event Recieved - UNKNOWN

[15:49:52] IM: Event Recieved - UNKNOWN

[15:49:52] IM: Event Recieved - MouseMoved

[15:49:52] IM: Event Recieved - MouseButtonPressed

[15:49:52] IM: Event Recieved - MouseMoved

[15:49:52] 	Object.eventHandler: EventStep Handled.
[15:49:52] 	Object.eventHandler: EventStep Handled.
[15:49:52] 	Object.eventHandler: EventStep Handled.
[15:49:52] 	Object.eventHandler: EventStep Handled.
[15:49:52] IM: Event Recieved - UNKNOWN

[15:49:52] IM: Event Recieved - UNKNOWN

[15:49:52] 	Object.eventHandler: EventStep Handled.
[15:49:52] 	Object.eventHandler: EventStep Handled.
[15:49:52] 	Object.eventHandler: EventStep Handled.
[15:49:52] 	Object.eventHandler: EventStep Handled.
[15:49:52] 	Object.eventHandler: EventStep Handled.
[15:49:52] 	Object.eventHandler: EventStep Handled.
[15:49:52] 	Object.eventHandler: EventStep Handled.
[15:49:52] 	Object.eventHandler: EventStep Handled.
[15:49:52] 	Object.eventHandler: EventStep Handled.
[15:49:52] 	Object.eventHandler: EventStep Handled.
[15:49:52] 	Object.eventHandler: EventStep Handled.
[15:49:52] 	Object.eventHandler: EventStep Handled.
[15:49:52] 	Object.eventHandler: EventStep Handled.
[15:49:52] 	Object.eventHandler: EventStep Handled.
[15:49:52] 	Object.eventHandler: EventStep Handled.
[15:49:52] 	Object.eventHandler: EventStep Handled.
[15:49:52] 	Object.eventHandler: EventStep Handled.
[15:49:52] 	Object.eventHandler: EventStep Handled.
[15:49:52] 	Object.eventHandler: EventStep Handled.
[15:49:52] 	Object.eventHandler: EventStep Handled.
[15:49:52] 	Object.eventHandler: EventStep Handled.
[15:49:52] 	Object.eventHandler: EventStep Handled.
[15:49:52] IM: Event Recieved - KeyPressed

[15:49:52] 	Object.eventHandler: Event Handled.
[15:49:52] 	Object.eventHandler: Event Handled.
[15:49:52] IM: Event Recieved - UNKNOWN

[15:49:52] 	Object.eventHandler: Event Handled.
[15:49:52] 	Object.eventHandler: Event Handled.
[15:49:52] 	Object.eventHandler: Event Handled.
[15:49:52] 	Object.eventHandler: Event Handled.
[15:49:52] 	Object.eventHandler: Event Handled.
[15:49:52] 	Object.eventHandler: Event Handled.
[15:49:52] 	Object.eventHandler: Event Handled.
[15:49:52] 	Object.eventHandler: Event Handled.
[15:49:52] 	Object.eventHandler: Event Handled.
[15:49:52] 	Object.eventHandler: Event Handled.
[15:49:52] 	Object.eventHandler: Event Handled.
[15:49:52] 	Object.eventHandler: Event Handled.
[15:49:52] 	Object.eventHandler: Event Handled.
[15:49:52] 	Object.eventHandler: Event Handled.
[15:49:52] 	Object.eventHandler: Event Handled.
[15:49:52] 	Object.eventHandler: Event Handled.
[15:49:52] 	Object.eventHandler: Event Handled.
[15:49:52] 	Object.eventHandler: Event Handled.
[15:49:52] 	Object.eventHandler: Event Handled.
[15:49:52] 	Object.eventHandler: Event Handled.
[15:49:52] 	Object.eventHandler: Event Handled.
[15:49:52] 	Object.eventHandler: Event Handled.
[15:49:52] 	Object.eventHandler: Event Handled.
[15:49:52] 	Object.eventHandler: Event Handled.
[15:49:52] 	Object.eventHandler: Event Handled.
[15:49:52] 	Object.eventHandler: Event Handled.
[15:49:52] 	Object.eventHandler: Event Handled.
[15:49:52] 	Object.eventHandler: Event Handled.
[15:49:52] 	Object.eventHandler: Event Handled.
[15:49:52] 	Object.eventHandler: Event Handled.
[15:49:52] 	Object.eventHandler: Event Handled.
[15:49:52] 	Object.eventHandler: Event Handled.
[15:49:52] 	Object.eventHandler: EventStep Handled.
[15:49:52] 	Object.eventHandler: EventStep Handled.
[15:49:52] 	Object.eventHandler: EventStep Handled.
[15:49:52] 	Object.eventHandler: EventStep Handled.
[15:49:52] IM: Event Recieved - KeyReleased

[15:49:52] 	Object.eventHandler: EventStep Handled.
[15:49:52] 	Object.eventHandler: EventStep Handled.
[15:49:52] 	Object.eventHandler: EventStep Handled.
[15:49:52] 	Object.eventHandler: EventStep Handled.
[15:49:53] 	Object.eventHandler: EventStep Handled.
[15:49:53] 	Object.eventHandler: EventStep Handled.
[15:49:53] 	Object.eventHandler: EventStep Handled.
[15:49:53] 	Object.eventHandler: EventStep Handled.
[15:49:53] 	Object.eventHandler: EventStep Handled.
[15:49:53] 	Object.eventHandler: EventStep Handled.
[15:49:53] 	Object.eventHandler: EventStep Handled.
[15:49:53] 	Object.eventHandler: EventStep Handled.
[15:49:53] 	Object.eventHandler: EventStep Handled.
[15:49:53] 	Object.eventHandler: EventStep Handled.
[15:49:53] 	Object.eventHandler: EventStep Handled.
[15:49:53] 	Object.eventHandler: EventStep Handled.
[15:49:53] 	Object.eventHandler: EventStep Handled.
[15:49:53] 	Object.eventHandler: EventStep Handled.
[15:49:53] 	Object.eventHandler: EventStep Handled.
[15:49:53] 	Object.eventHandler: EventStep Handled.
[15:49:53] 	Object.eventHandler: EventStep Handled.
[15:49:53] 	Object.eventHandler: EventStep Handled.
[15:49:53] 	Object.eventHandler: EventStep Handled.
[15:49:53] 	Object.eventHandler: EventStep Handled.
[15:49:53] 	Object.eventHandler: EventStep Handled.
[15:49:53] 	Object.eventHandler: EventStep Handled.
[15:49:53] 	Object.eventHandler: EventStep Handled.
[15:49:53] 	Object.eventHandler: EventStep Handled.
[15:49:53] 	Object.eventHandler: EventStep Handled.
[15:49:53] 	Object.eventHandler: EventStep Handled.
[15:49:53] 	Object.eventHandler: EventStep Handled.
[15:49:53] 	Object.eventHandler: EventStep Handled.
[15:49:53] 	Object.eventHandler: EventStep Handled.
[15:49:53] 	Object.eventHandler: EventStep Handled.
[15:49:53] IM: Event Recieved - UNKNOWN

[15:49:53] IM: Event Recieved - UNKNOWN

[15:49:53] IM: Event Recieved - UNKNOWN

[15:49:53] IM: Event Recieved - MouseMoved

[15:49:53] IM: Event Recieved - UNKNOWN

[15:49:53] IM: Event Recieved - MouseMoved

[15:49:53] 	Object.eventHandler: EventStep Handled.
[15:49:53] 	Object.eventHandler: EventStep Handled.
[15:49:53] IM: Event Recieved - UNKNOWN

[15:49:53] IM: Event Recieved - UNKNOWN

[15:49:53] IM: Event Recieved - UNKNOWN

[15:49:53] IM: Event Recieved - UNKNOWN

[15:49:53] IM: Event Recieved - MouseMoved

[15:49:53] IM: Event Recieved - UNKNOWN

[15:49:53] IM: Event Recieved - MouseMoved

[15:49:53] IM: Event Recieved - UNKNOWN

[15:49:53] 	Object.eventHandler: EventStep Handled.
[15:49:53] 	Object.eventHandler: EventStep Handled.
[15:49:53] IM: Event Recieved - UNKNOWN

[15:49:53] IM: Event Recieved - UNKNOWN

[15:49:53] IM: Event Recieved - UNKNOWN

[15:49:53] IM: Event Recieved - MouseMoved

[15:49:53] 	Object.eventHandler: EventStep Handled.
[15:49:53] 	Object.eventHandler: EventStep Handled.
[15:49:53] IM: Event Recieved - UNKNOWN

[15:49:53] IM: Event Recieved - UNKNOWN

[15:49:53] IM: Event Recieved - UNKNOWN

[15:49:53] IM: Event Recieved - UNKNOWN

[15:49:53] IM: Event Recieved - UNKNOWN

[15:49:53] IM: Event Recieved - MouseMoved

[15:49:53] IM: Event Recieved - UNKNOWN

[15:49:53] IM: Event Recieved - MouseMoved

[15:49:53] 	Object.eventHandler: EventStep Handled.
[15:49:53] 	Object.eventHandler: EventStep Handled.
[15:49:53] IM: Event Recieved - UNKNOWN

[15:49:53] IM: Event Recieved - UNKNOWN

[15:49:53] IM: Event Recieved - UNKNOWN

[15:49:53] IM: Event Recieved - UNKNOWN

[15:49:53] IM: Event Recieved - MouseMoved

[15:49:53] 	Object.eventHandler: EventStep Handled.
[15:49:53] 	Object.eventHandler: EventStep Handled.
[15:49:53] IM: Event Recieved - UNKNOWN

[15:49:53] IM: Event Recieved - UNKNOWN

[15:49:53] IM: Event Recieved - UNKNOWN

[15:49:53] IM: Event Recieved - UNKNOWN

[15:49:53] IM: Event Recieved - MouseMoved

[15:49:53] 	Object.eventHandler: EventStep Handled.
[15:49:53] 	Object.eventHandler: EventStep Handled.
[15:49:53] IM: Event Recieved - UNKNOWN

[15:49:53] IM: Event Recieved - UNKNOWN

[15:49:53] IM: Event Recieved - UNKNOWN

[15:49:53] IM: Event Recieved - MouseMoved

[15:49:53] 	Object.eventHandler: EventStep Handled.
[15:49:53] 	Object.eventHandler: EventStep Handled.
[15:49:53] IM: Event Recieved - UNKNOWN

[15:49:53] 	Object.eventHandler: EventStep Handled.
[15:49:53] 	Object.eventHandler: EventStep Handled.
[15:49:53] IM: Event Recieved - UNKNOWN

[15:49:53] IM: Event Recieved - UNKNOWN

[15:49:53] IM: Event Recieved - MouseMoved

[15:49:53] 	Object.eventHandler: EventStep Handled.
[15:49:53] 	Object.eventHandler: EventStep Handled.
[15:49:53] 	Object.eventHandler: EventStep Handled.
[15:49:53] 	Object.eventHandler: EventStep Handled.
[15:49:53] 	Object.eventHandler: EventStep Handled.
[15:49:53] 	Object.eventHandler: EventStep Handled.
[15:49:53] IM: Event Recieved - UNKNOWN

[15:49:53] IM: Event Recieved - UNKNOWN

[15:49:53] IM: Event Recieved - MouseMoved

[15:49:53] 	Object.eventHandler: EventStep Handled.
[15:49:53] 	Object.eventHandler: EventStep Handled.
[15:49:53] IM: Event Recieved - UNKNOWN

[15:49:53] IM: Event Recieved - UNKNOWN

[15:49:53] IM: Event Recieved - MouseMoved

[15:49:53] IM: Event Recieved - UNKNOWN

[15:49:53] 	Object.eventHandler: EventStep Handled.
[15:49:53] 	Object.eventHandler: EventStep Handled.
[15:49:53] IM: Event Recieved - UNKNOWN

[15:49:53] IM: Event Recieved - MouseMoved

[15:49:53] 	Object.eventHandler: EventStep Handled.
[15:49:53] 	Object.eventHandler: EventStep Handled.
[15:49:53] 	Object.eventHandler: EventStep Handled.
[15:49:53] 	Object.eventHandler: EventStep Handled.
[15:49:53] 	Object.eventHandler: EventStep Handled.
[15:49:53] 	Object.eventHandler: EventStep Handled.
[15:49:54] 	Object.eventHandler: EventStep Handled.
[15:49:54] 	Object.eventHandler: EventStep Handled.
[15:49:54] 	Object.eventHandler: EventStep Handled.
[15:49:54] 	Object.eventHandler: EventStep Handled.
[15:49:54] 	Object.eventHandler: EventStep Handled.
[15:49:54] 	Object.eventHandler: EventStep Handled.
[15:49:54] IM: Event Recieved - KeyPressed

[15:49:54] IM: Event Recieved - UNKNOWN

[15:49:54] 	Object.eventHandler: EventStep Handled.
[15:49:54] 	Object.eventHandler: EventStep Handled.
[15:49:54] 	Object.eventHandler: EventStep Handled.
[15:49:54] 	Object.eventHandler: EventStep Handled.
[15:49:54] 	Object.eventHandler: EventStep Handled.
[15:49:54] 	Object.eventHandler: EventStep Handled.
[15:49:54] IM: Event Recieved - KeyPressed

[15:49:54] IM: Event Recieved - UNKNOWN

[15:49:54] 	Object.eventHandler: EventStep Handled.
[15:49:54] 	Object.eventHandler: EventStep Handled.
[15:49:54] 	Object.eventHandler: EventStep Handled.
[15:49:54] 	Object.eventHandler: EventStep Handled.
[15:49:54] 	Object.eventHandler: EventStep Handled.
[15:49:54] 	Object.eventHandler: EventStep Handled.
[15:49:54] IM: Event Recieved - KeyReleased

[15:49:54] 	Object.eventHandler: EventStep Handled.
[15:49:54] 	Object.eventHandler: EventStep Handled.
[15:49:54] IM: Event Recieved - UNKNOWN

[15:49:54] 	Object.eventHandler: EventStep Handled.
[15:49:54] 	Object.eventHandler: EventStep Handled.
[15:49:54] IM: Event Recieved - UNKNOWN

[15:49:54] IM: Event Recieved - UNKNOWN

[15:49:54] IM: Event Recieved - UNKNOWN

[15:49:54] IM: Event Recieved - UNKNOWN

[15:49:54] IM: Event Recieved - UNKNOWN

[15:49:54] IM: Event Recieved - MouseMoved

[15:49:54] 	Object.eventHandler: EventStep Handled.
[15:49:54] 	Object.eventHandler: EventStep Handled.
[15:49:54] IM: Event Recieved - UNKNOWN

[15:49:54] IM: Event Recieved - MouseMoved

[15:49:54] IM: Event Recieved - KeyReleased

[15:49:54] IM: Event Recieved - UNKNOWN

[15:49:54] IM: Event Recieved - UNKNOWN

[15:49:54] IM: Event Recieved - UNKNOWN

[15:49:54] IM: Event Recieved - UNKNOWN

[15:49:54] IM: Event Recieved - MouseMoved

[15:49:54] 	Object.eventHandler: EventStep Handled.
[15:49:54] 	Object.eventHandler: EventStep Handled.
[15:49:54] 	Object.eventHandler: EventStep Handled.
[15:49:54] 	Object.eventHandler: EventStep Handled.
[15:49:54] 	Object.eventHandler: EventStep Handled.
[15:49:54] 	Object.eventHandler: EventStep Handled.
[15:49:54] 	Object.eventHandler: EventStep Handled.
[15:49:54] 	Object.eventHandler: EventStep Handled.
[15:49:54] 	Object.eventHandler: EventStep Handled.
[15:49:54] 	Object.eventHandler: EventStep Handled.
[15:49:54] 	Object.eventHandler: EventStep Handled.
[15:49:54] 	Object.eventHandler: EventStep Handled.
[15:49:54] 	Object.eventHandler: EventStep Handled.
[15:49:54] 	Object.eventHandler: EventStep Handled.
[15:49:54] 	Object.eventHandler: EventStep Handled.
[15:49:54] 	Object.eventHandler: EventStep Handled.
[15:49:54] 	Object.eventHandler: EventStep Handled.
[15:49:54] 	Object.eventHandler: EventStep Handled.
[15:49:54] 	Object.eventHandler: EventStep Handled.
[15:49:54] 	Object.eventHandler: EventStep Handled.
[15:49:54] 	Object.eventHandler: EventStep Handled.
[15:49:54] 	Object.eventHandler: EventStep Handled.
[15:49:54] 	Object.eventHandler: EventStep Handled.
[15:49:54] 	Object.eventHandler: EventStep Handled.
[15:49:54] IM: Event Recieved - KeyPressed

[15:49:54] IM: Event Recieved - UNKNOWN

[15:49:54] 	Object.eventHandler: EventStep Handled.
[15:49:54] 	Object.eventHandler: EventStep Handled.
[15:49:54] IM: Event Recieved - KeyReleased

[15:49:54] 	Object.eventHandler: EventStep Handled.
[15:49:54] 	Object.eventHandler: EventStep Handled.
[15:49:54] 	Object.eventHandler: EventStep Handled.
[15:49:54] 	Object.eventHandler: EventStep Handled.
[15:49:54] 	Object.eventHandler: EventStep Handled.
[15:49:54] 	Object.eventHandler: EventStep Handled.
[15:49:54] 	Object.eventHandler: EventStep Handled.
[15:49:54] 	Object.eventHandler: EventStep Handled.
[15:49:54] 	Object.eventHandler: EventStep Handled.
[15:49:54] 	Object.eventHandler: EventStep Handled.
[15:49:54] 	Object.eventHandler: EventStep Handled.
[15:49:54] 	Object.eventHandler: EventStep Handled.
[15:49:55] 	Object.eventHandler: EventStep Handled.
[15:49:55] 	Object.eventHandler: EventStep Handled.
[15:49:55] 	Object.eventHandler: EventStep Handled.
[15:49:55] 	Object.eventHandler: EventStep Handled.
[15:49:55] 	Object.eventHandler: EventStep Handled.
[15:49:55] 	Object.eventHandler: EventStep Handled.
[15:49:55] 	Object.eventHandler: EventStep Handled.
[15:49:55] 	Object.eventHandler: EventStep Handled.
[15:49:55] 	Object.eventHandler: EventStep Handled.
[15:49:55] 	Object.eventHandler: EventStep Handled.
[15:49:55] 	Object.eventHandler: EventStep Handled.
[15:49:55] 	Object.eventHandler: EventStep Handled.
[15:49:55] 	Object.eventHandler: EventStep Handled.
[15:49:55] 	Object.eventHandler: EventStep Handled.
[15:49:55] 	Object.eventHandler: EventStep Handled.
[15:49:55] 	Object.eventHandler: EventStep Handled.
[15:49:55] 	Object.eventHandler: EventStep Handled.
[15:49:55] 	Object.eventHandler: EventStep Handled.
[15:49:55] 	Object.eventHandler: EventStep Handled.
[15:49:55] 	Object.eventHandler: EventStep Handled.
[15:49:55] 	Object.eventHandler: EventStep Handled.
[15:49:55] 	Object.eventHandler: EventStep Handled.
[15:49:55] 	Object.eventHandler: EventStep Handled.
[15:49:55] 	Object.eventHandler: EventStep Handled.
[15:49:55] 	Object.eventHandler: EventStep Handled.
[15:49:55] 	Object.eventHandler: EventStep Handled.
[15:49:55] 	Object.eventHandler: EventStep Handled.
[15:49:55] 	Object.eventHandler: EventStep Handled.
[15:49:55] 	Object.eventHandler: EventStep Handled.
[15:49:55] 	Object.eventHandler: EventStep Handled.
[15:49:55] 	Object.eventHandler: EventStep Handled.
[15:49:55] 	Object.eventHandler: EventStep Handled.
[15:49:55] 	Object.eventHandler: EventStep Handled.
[15:49:55] 	Object.eventHandler: EventStep Handled.
[15:49:55] 	Object.eventHandler: EventStep Handled.
[15:49:55] 	Object.eventHandler: EventStep Handled.
[15:49:55] 	Object.eventHandler: EventStep Handled.
[15:49:55] 	Object.eventHandler: EventStep Handled.
[15:49:55] 	Object.eventHandler: EventStep Handled.
[15:49:55] 	Object.eventHandler: EventStep Handled.
[15:49:55] 	Object.eventHandler: EventStep Handled.
[15:49:55] 	Object.eventHandler: EventStep Handled.
[15:49:55] 	Object.eventHandler: EventStep Handled.
[15:49:55] 	Object.eventHandler: EventStep Handled.
[15:49:55] 	Object.eventHandler: EventStep Handled.
[15:49:55] 	Object.eventHandler: EventStep Handled.
[15:49:55] 	Object.eventHandler: EventStep Handled.
[15:49:55] 	Object.eventHandler: EventStep Handled.
[15:49:55] 	Object.eventHandler: EventStep Handled.
[15:49:55] 	Object.eventHandler: EventStep Handled.
[15:49:55] 	Object.eventHandler: EventStep Handled.
[15:49:55] 	Object.eventHandler: EventStep Handled.
[15:49:55] 	Object.eventHandler: EventStep Handled.
[15:49:55] 	Object.eventHandler: EventStep Handled.
[15:49:55] 	Object.eventHandler: EventStep Handled.
[15:49:55] 	Object.eventHandler: EventStep Handled.
[15:49:55] 	Object.eventHandler: EventStep Handled.
[15:49:55] 	Object.eventHandler: EventStep Handled.
[15:49:55] 	Object.eventHandler: EventStep Handled.
[15:49:55] 	Object.eventHandler: EventStep Handled.
[15:49:55] 	Object.eventHandler: EventStep Handled.
[15:49:55] 	Object.eventHandler: EventStep Handled.
[15:49:56] 	Object.eventHandler: EventStep Handled.
[15:49:56] 	Object.eventHandler: EventStep Handled.
[15:49:56] 	Object.eventHandler: EventStep Handled.
[15:49:56] 	Object.eventHandler: EventStep Handled.
[15:49:56] 	Object.eventHandler: EventStep Handled.
[15:49:56] 	Object.eventHandler: EventStep Handled.
[15:49:56] 	Object.eventHandler: EventStep Handled.
[15:49:56] 	Object.eventHandler: EventStep Handled.
[15:49:56] 	Object.eventHandler: EventStep Handled.
[15:49:56] 	Object.eventHandler: EventStep Handled.
[15:49:56] 	Object.eventHandler: EventStep Handled.
[15:49:56] 	Object.eventHandler: EventStep Handled.
[15:49:56] 	Object.eventHandler: EventStep Handled.
[15:49:56] 	Object.eventHandler: EventStep Handled.
[15:49:56] 	Object.eventHandler: EventStep Handled.
[15:49:56] 	Object.eventHandler: EventStep Handled.
[15:49:56] 	Object.eventHandler: EventStep Handled.
[15:49:56] 	Object.eventHandler: EventStep Handled.
[15:49:56] 	Object.eventHandler: EventStep Handled.
[15:49:56] 	Object.eventHandler: EventStep Handled.
[15:49:56] 	Object.eventHandler: EventStep Handled.
[15:49:56] 	Object.eventHandler: EventStep Handled.
[15:49:56] 	Object.eventHandler: EventStep Handled.
[15:49:56] 	Object.eventHandler: EventStep Handled.
[15:49:56] 	Object.eventHandler: EventStep Handled.
[15:49:56] 	Object.eventHandler: EventStep Handled.
[15:49:56] 	Object.eventHandler: EventStep Handled.
[15:49:56] 	Object.eventHandler: EventStep Handled.
[15:49:56] 	Object.eventHandler: EventStep Handled.
[15:49:56] 	Object.eventHandler: EventStep Handled.
[15:49:56] 	Object.eventHandler: EventStep Handled.
[15:49:56] 	Object.eventHandler: EventStep Handled.
[15:49:56] 	Object.eventHandler: EventStep Handled.
[15:49:56] 	Object.eventHandler: EventStep Handled.
[15:49:56] 	Object.eventHandler: EventStep Handled.
[15:49:56] 	Object.eventHandler: EventStep Handled.
[15:49:56] 	Object.eventHandler: EventStep Handled.
[15:49:56] 	Object.eventHandler: EventStep Handled.
[15:49:56] 	Object.eventHandler: EventStep Handled.
[15:49:56] 	Object.eventHandler: EventStep Handled.
[15:49:56] 	Object.eventHandler: EventStep Handled.
[15:49:56] 	Object.eventHandler: EventStep Handled.
[15:49:56] 	Object.eventHandler: EventStep Handled.
[15:49:56] 	Object.eventHandler: EventStep Handled.
[15:49:56] 	Object.eventHandler: EventStep Handled.
[15:49:56] 	Object.eventHandler: EventStep Handled.
[15:49:56] 	Object.eventHandler: EventStep Handled.
[15:49:56] 	Object.eventHandler: EventStep Handled.
[15:49:56] 	Object.eventHandler: EventStep Handled.
[15:49:56] 	Object.eventHandler: EventStep Handled.
[15:49:56] 	Object.eventHandler: EventStep Handled.
[15:49:56] 	Object.eventHandler: EventStep Handled.
[15:49:56] 	Object.eventHandler: EventStep Handled.
[15:49:56] 	Object.eventHandler: EventStep Handled.
[15:49:56] 	Object.eventHandler: EventStep Handled.
[15:49:56] 	Object.eventHandler: EventStep Handled.
[15:49:56] 	Object.eventHandler: EventStep Handled.
[15:49:56] 	Object.eventHandler: EventStep Handled.
[15:49:56] 	Object.eventHandler: EventStep Handled.
[15:49:56] 	Object.eventHandler: EventStep Handled.
[15:49:56] 	Object.eventHandler: EventStep Handled.
[15:49:56] 	Object.eventHandler: EventStep Handled.
[15:49:57] 	Object.eventHandler: EventStep Handled.
[15:49:57] 	Object.eventHandler: EventStep Handled.
[15:49:57] 	Object.eventHandler: EventStep Handled.
[15:49:57] 	Object.eventHandler: EventStep Handled.
[15:49:57] 	Object.eventHandler: EventStep Handled.
[15:49:57] 	Object.eventHandler: EventStep Handled.
[15:49:57] 	Object.eventHandler: EventStep Handled.
[15:49:57] 	Object.eventHandler: EventStep Handled.
[15:49:57] 	Object.eventHandler: EventStep Handled.
[15:49:57] 	Object.eventHandler: EventStep Handled.
[15:49:57] 	Object.eventHandler: EventStep Handled.
[15:49:57] 	Object.eventHandler: EventStep Handled.
[15:49:57] 	Object.eventHandler: EventStep Handled.
[15:49:57] 	Object.eventHandler: EventStep Handled.
[15:49:57] 	Object.eventHandler: EventStep Handled.
[15:49:57] 	Object.eventHandler: EventStep Handled.
[15:49:57] 	Object.eventHandler: EventStep Handled.
[15:49:57] 	Object.eventHandler: EventStep Handled.
[15:49:57] 	Object.eventHandler: EventStep Handled.
[15:49:57] 	Object.eventHandler: EventStep Handled.
[15:49:57] 	Object.eventHandler: EventStep Handled.
[15:49:57] 	Object.eventHandler: EventStep Handled.
[15:49:57] 	Object.eventHandler: EventStep Handled.
[15:49:57] 	Object.eventHandler: EventStep Handled.
[15:49:57] 	Object.eventHandler: EventStep Handled.
[15:49:57] 	Object.eventHandler: EventStep Handled.
[15:49:57] 	Object.eventHandler: EventStep Handled.
[15:49:57] 	Object.eventHandler: EventStep Handled.
[15:49:57] 	Object.eventHandler: EventStep Handled.
[15:49:57] 	Object.eventHandler: EventStep Handled.
[15:49:57] 	Object.eventHandler: EventStep Handled.
[15:49:57] 	Object.eventHandler: EventStep Handled.
[15:49:57] 	Object.eventHandler: EventStep Handled.
[15:49:57] 	Object.eventHandler: EventStep Handled.
[15:49:57] 	Object.eventHandler: EventStep Handled.
[15:49:57] 	Object.eventHandler: EventStep Handled.
[15:49:57] 	Object.eventHandler: EventStep Handled.
[15:49:57] 	Object.eventHandler: EventStep Handled.
[15:49:57] 	Object.eventHandler: EventStep Handled.
[15:49:57] 	Object.eventHandler: EventStep Handled.
[15:49:57] 	Object.eventHandler: EventStep Handled.
[15:49:57] 	Object.eventHandler: EventStep Handled.
[15:49:57] 	Object.eventHandler: EventStep Handled.
[15:49:57] 	Object.eventHandler: EventStep Handled.
[15:49:57] 	Object.eventHandler: EventStep Handled.
[15:49:57] 	Object.eventHandler: EventStep Handled.
[15:49:57] 	Object.eventHandler: EventStep Handled.
[15:49:57] 	Object.eventHandler: EventStep Handled.
[15:49:57] 	Object.eventHandler: EventStep Handled.
[15:49:57] 	Object.eventHandler: EventStep Handled.
[15:49:57] 	Object.eventHandler: EventStep Handled.
[15:49:57] 	Object.eventHandler: EventStep Handled.
[15:49:57] 	Object.eventHandler: EventStep Handled.
[15:49:57] 	Object.eventHandler: EventStep Handled.
[15:49:57] 	Object.eventHandler: EventStep Handled.
[15:49:57] 	Object.eventHandler: EventStep Handled.
[15:49:57] 	Object.eventHandler: EventStep Handled.
[15:49:57] 	Object.eventHandler: EventStep Handled.
[15:49:57] 	Object.eventHandler: EventStep Handled.
[15:49:57] 	Object.eventHandler: EventStep Handled.
[15:49:58] 	Object.eventHandler: EventStep Handled.
[15:49:58] 	Object.eventHandler: EventStep Handled.
[15:49:58] 	Object.eventHandler: EventStep Handled.
[15:49:58] 	Object.eventHandler: EventStep Handled.
[15:49:58] 	Object.eventHandler: EventStep Handled.
[15:49:58] 	Object.eventHandler: EventStep Handled.
[15:49:58] 	Object.eventHandler: EventStep Handled.
[15:49:58] 	Object.eventHandler: EventStep Handled.
[15:49:58] 	Object.eventHandler: EventStep Handled.
[15:49:58] 	Object.eventHandler: EventStep Handled.
[15:49:58] 	Object.eventHandler: EventStep Handled.
[15:49:58] 	Object.eventHandler: EventStep Handled.
[15:49:58] 	Object.eventHandler: EventStep Handled.
[15:49:58] 	Object.eventHandler: EventStep Handled.
[15:49:58] 	Object.eventHandler: EventStep Handled.
[15:49:58] 	Object.eventHandler: EventStep Handled.
[15:49:58] 	Object.eventHandler: EventStep Handled.
[15:49:58] 	Object.eventHandler: EventStep Handled.
[15:49:58] 	Object.eventHandler: EventStep Handled.
[15:49:58] 	Object.eventHandler: EventStep Handled.
[15:49:58] 	Object.eventHandler: EventStep Handled.
[15:49:58] 	Object.eventHandler: EventStep Handled.
[15:49:58] 	Object.eventHandler: EventStep Handled.
[15:49:58] 	Object.eventHandler: EventStep Handled.
[15:49:58] 	Object.eventHandler: EventStep Handled.
[15:49:58] 	Object.eventHandler: EventStep Handled.
[15:49:58] 	Object.eventHandler: EventStep Handled.
[15:49:58] 	Object.eventHandler: EventStep Handled.
[15:49:58] 	Object.eventHandler: EventStep Handled.
[15:49:58] 	Object.eventHandler: EventStep Handled.
[15:49:58] 	Object.eventHandler: EventStep Handled.
[15:49:58] 	Object.eventHandler: EventStep Handled.
[15:49:58] 	Object.eventHandler: EventStep Handled.
[15:49:58] 	Object.eventHandler: EventStep Handled.
[15:49:58] 	Object.eventHandler: EventStep Handled.
[15:49:58] 	Object.eventHandler: EventStep Handled.
[15:49:58] 	Object.eventHandler: EventStep Handled.
[15:49:58] 	Object.eventHandler: EventStep Handled.
[15:49:58] 	Object.eventHandler: EventStep Handled.
[15:49:58] 	Object.eventHandler: EventStep Handled.
[15:49:58] 	Object.eventHandler: EventStep Handled.
[15:49:58] 	Object.eventHandler: EventStep Handled.
[15:49:58] 	Object.eventHandler: EventStep Handled.
[15:49:58] 	Object.eventHandler: EventStep Handled.
[15:49:58] 	Object.eventHandler: EventStep Handled.
[15:49:58] 	Object.eventHandler: EventStep Handled.
[15:49:58] 	Object.eventHandler: EventStep Handled.
[15:49:58] 	Object.eventHandler: EventStep Handled.
[15:49:58] 	Object.eventHandler: EventStep Handled.
[15:49:58] 	Object.eventHandler: EventStep Handled.
[15:49:58] 	Object.eventHandler: EventStep Handled.
[15:49:58] 	Object.eventHandler: EventStep Handled.
[15:49:58] 	Object.eventHandler: EventStep Handled.
[15:49:58] 	Object.eventHandler: EventStep Handled.
[15:49:58] 	Object.eventHandler: EventStep Handled.
[15:49:58] 	Object.eventHandler: EventStep Handled.
[15:49:58] 	Object.eventHandler: EventStep Handled.
[15:49:58] 	Object.eventHandler: EventStep Handled.
[15:49:58] 	Object.eventHandler: EventStep Handled.
[15:49:58] 	Object.eventHandler: EventStep Handled.
[15:49:58] 	Object.eventHandler: EventStep Handled.
[15:49:58] 	Object.eventHandler: EventStep Handled.
[15:49:58] IM: Event Recieved - UNKNOWN

[15:49:58] IM: Event Recieved - UNKNOWN

[15:49:58] IM: Event Recieved - UNKNOWN

[15:49:58] IM: Event Recieved - MouseMoved

[15:49:59] 	Object.eventHandler: EventStep Handled.
[15:49:59] 	Object.eventHandler: EventStep Handled.
[15:49:59] IM: Event Recieved - UNKNOWN

[15:49:59] IM: Event Recieved - UNKNOWN

[15:49:59] IM: Event Recieved - UNKNOWN

[15:49:59] IM: Event Recieved - MouseMoved

[15:49:59] IM: Event Recieved - UNKNOWN

[15:49:59] IM: Event Recieved - MouseMoved

[15:49:59] 	Object.eventHandler: EventStep Handled.
[15:49:59] 	Object.eventHandler: EventStep Handled.
[15:49:59] IM: Event Recieved - UNKNOWN

[15:49:59] IM: Event Recieved - UNKNOWN

[15:49:59] IM: Event Recieved - UNKNOWN

[15:49:59] IM: Event Recieved - UNKNOWN

[15:49:59] IM: Event Recieved - MouseMoved

[15:49:59] 	Object.eventHandler: EventStep Handled.
[15:49:59] 	Object.eventHandler: EventStep Handled.
[15:49:59] IM: Event Recieved - UNKNOWN

[15:49:59] IM: Event Recieved - UNKNOWN

[15:49:59] IM: Event Recieved - UNKNOWN

[15:49:59] IM: Event Recieved - UNKNOWN

[15:49:59] IM: Event Recieved - UNKNOWN

[15:49:59] IM: Event Recieved - MouseMoved

[15:49:59] 	Object.eventHandler: EventStep Handled.
[15:49:59] 	Object.eventHandler: EventStep Handled.
[15:49:59] IM: Event Recieved - UNKNOWN

[15:49:59] IM: Event Recieved - UNKNOWN

[15:49:59] IM: Event Recieved - UNKNOWN

[15:49:59] IM: Event Recieved - UNKNOWN

[15:49:59] IM: Event Recieved - UNKNOWN

[15:49:59] IM: Event Recieved - MouseMoved

[15:49:59] 	Object.eventHandler: EventStep Handled.
[15:49:59] 	Object.eventHandler: EventStep Handled.
[15:49:59] IM: Event Recieved - UNKNOWN

[15:49:59] IM: Event Recieved - UNKNOWN

[15:49:59] IM: Event Recieved - UNKNOWN

[15:49:59] IM: Event Recieved - UNKNOWN

[15:49:59] IM: Event Recieved - MouseMoved

[15:49:59] IM: Event Recieved - UNKNOWN

[15:49:59] IM: Event Recieved - MouseMoved

[15:49:59] 	Object.eventHandler: EventStep Handled.
[15:49:59] 	Object.eventHandler: EventStep Handled.
[15:49:59] IM: Event Recieved - UNKNOWN

[15:49:59] IM: Event Recieved - UNKNOWN

[15:49:59] IM: Event Recieved - UNKNOWN

[15:49:59] IM: Event Recieved - UNKNOWN

[15:49:59] IM: Event Recieved - MouseMoved

[15:49:59] IM: Event Recieved - UNKNOWN

[15:49:59] IM: Event Recieved - MouseMoved

[15:49:59] 	Object.eventHandler: EventStep Handled.
[15:49:59] 	Object.eventHandler: EventStep Handled.
[15:49:59] IM: Event Recieved - UNKNOWN

[15:49:59] IM: Event Recieved - UNKNOWN

[15:49:59] IM: Event Recieved - UNKNOWN

[15:49:59] IM: Event Recieved - UNKNOWN

[15:49:59] IM: Event Recieved - MouseMoved

[15:49:59] IM: Event Recieved - UNKNOWN

[15:49:59] IM: Event Recieved - MouseMoved

[15:49:59] 	Object.eventHandler: EventStep Handled.
[15:49:59] 	Object.eventHandler: EventStep Handled.
[15:49:59] IM: Event Recieved - UNKNOWN

[15:49:59] IM: Event Recieved - UNKNOWN

[15:49:59] IM: Event Recieved - UNKNOWN

[15:49:59] IM: Event Recieved - MouseMoved

[15:49:59] 	Object.eventHandler: EventStep Handled.
[15:49:59] 	Object.eventHandler: EventStep Handled.
[15:49:59] IM: Event Recieved - UNKNOWN

[15:49:59] IM: Event Recieved - UNKNOWN

[15:49:59] IM: Event Recieved - MouseMoved

[15:49:59] 	Object.eventHandler: EventStep Handled.
[15:49:59] 	Object.eventHandler: EventStep Handled.
[15:49:59] IM: Event Recieved - UNKNOWN

[15:49:59] IM: Event Recieved - UNKNOWN

[15:49:59] IM: Event Recieved - MouseMoved

[15:49:59] 	Object.eventHandler: EventStep Handled.
[15:49:59] 	Object.eventHandler: EventStep Handled.
[15:49:59] IM: Event Recieved - UNKNOWN

[15:49:59] IM: Event Recieved - UNKNOWN

[15:49:59] IM: Event Recieved - UNKNOWN

[15:49:59] IM: Event Recieved - MouseMoved

[15:49:59] IM: Event Recieved - UNKNOWN

[15:49:59] IM: Event Recieved - MouseMoved

[15:49:59] 	Object.eventHandler: EventStep Handled.
[15:49:59] 	Object.eventHandler: EventStep Handled.
[15:49:59] IM: Event Recieved - UNKNOWN

[15:49:59] IM: Event Recieved - UNKNOWN

[15:49:59] IM: Event Recieved - UNKNOWN

[15:49:59] IM: Event Recieved - UNKNOWN

[15:49:59] IM: Event Recieved - MouseMoved

[15:49:59] 	Object.eventHandler: EventStep Handled.
[15:49:59] 	Object.eventHandler: EventStep Handled.
[15:49:59] IM: Event Recieved - UNKNOWN

[15:49:59] IM: Event Recieved - UNKNOWN

[15:49:59] IM: Event Recieved - UNKNOWN

[15:49:59] IM: Event Recieved - UNKNOWN

[15:49:59] IM: Event Recieved - UNKNOWN

[15:49:59] IM: Event Recieved - MouseMoved

[15:49:59] 	Object.eventHandler: EventStep Handled.
[15:49:59] 	Object.eventHandler: EventStep Handled.
[15:49:59] IM: Event Recieved - UNKNOWN

[15:49:59] IM: Event Recieved - UNKNOWN

[15:49:59] IM: Event Recieved - UNKNOWN

[15:49:59] IM: Event Recieved - UNKNOWN

[15:49:59] IM: Event Recieved - UNKNOWN

[15:49:59] IM: Event Recieved - MouseMoved

[15:49:59] 	Object.eventHandler: EventStep Handled.
[15:49:59] 	Object.eventHandler: EventStep Handled.
[15:49:59] IM: Event Recieved - UNKNOWN

[15:49:59] IM: Event Recieved - UNKNOWN

[15:49:59] IM: Event Recieved - UNKNOWN

[15:49:59] IM: Event Recieved - UNKNOWN

[15:49:59] IM: Event Recieved - MouseMoved

[15:49:59] IM: Event Recieved - UNKNOWN

[15:49:59] IM: Event Recieved - MouseMoved

[15:49:59] 	Object.eventHandler: EventStep Handled.
[15:49:59] 	Object.eventHandler: EventStep Handled.
[15:49:59] IM: Event Recieved - UNKNOWN

[15:49:59] IM: Event Recieved - UNKNOWN

[15:49:59] IM: Event Recieved - UNKNOWN

[15:49:59] IM: Event Recieved - UNKNOWN

[15:49:59] IM: Event Recieved - MouseMoved

[15:49:59] IM: Event Recieved - UNKNOWN

[15:49:59] IM: Event Recieved - MouseMoved

[15:49:59] 	Object.eventHandler: EventStep Handled.
[15:49:59] 	Object.eventHandler: EventStep Handled.
[15:49:59] IM: Event Recieved - UNKNOWN

[15:49:59] IM: Event Recieved - UNKNOWN

[15:49:59] IM: Event Recieved - UNKNOWN

[15:49:59] IM: Event Recieved - UNKNOWN

[15:49:59] IM: Event Recieved - MouseMoved

[15:49:59] IM: Event Recieved - UNKNOWN

[15:49:59] IM: Event Recieved - MouseMoved

[15:49:59] 	Object.eventHandler: EventStep Handled.
[15:49:59] 	Object.eventHandler: EventStep Handled.
[15:49:59] IM: Event Recieved - UNKNOWN

[15:49:59] IM: Event Recieved - UNKNOWN

[15:49:59] IM: Event Recieved - UNKNOWN

[15:49:59] IM: Event Recieved - UNKNOWN

[15:49:59] IM: Event Recieved - MouseMoved

[15:49:59] 	Object.eventHandler: EventStep Handled.
[15:49:59] 	Object.eventHandler: EventStep Handled.
[15:49:59] IM: Event Recieved - UNKNOWN

[15:49:59] IM: Event Recieved - UNKNOWN

[15:49:59] IM: Event Recieved - UNKNOWN

[15:49:59] IM: Event Recieved - UNKNOWN

[15:49:59] IM: Event Recieved - UNKNOWN

[15:49:59] IM: Event Recieved - MouseMoved

[15:49:59] 	Object.eventHandler: EventStep Handled.
[15:49:59] 	Object.eventHandler: EventStep Handled.
[15:49:59] 	Object.eventHandler: EventStep Handled.
[15:49:59] 	Object.eventHandler: EventStep Handled.
[15:49:59] 	Object.eventHandler: EventStep Handled.
[15:49:59] 	Object.eventHandler: EventStep Handled.
[15:49:59] 	Object.eventHandler: EventStep Handled.
[15:49:59] 	Object.eventHandler: EventStep Handled.
[15:49:59] 	Object.eventHandler: EventStep Handled.
[15:49:59] 	Object.eventHandler: EventStep Handled.
[15:49:59] 	Object.eventHandler: EventStep Handled.
[15:49:59] 	Object.eventHandler: EventStep Handled.
[15:49:59] 	Object.eventHandler: EventStep Handled.
[15:49:59] 	Object.eventHandler: EventStep Handled.
[15:49:59] 	Object.eventHandler: EventStep Handled.
[15:49:59] 	Object.eventHandler: EventStep Handled.
[15:49:59] 	Object.eventHandler: EventStep Handled.
[15:49:59] 	Object.eventHandler: EventStep Handled.
[15:49:59] 	Object.eventHandler: EventStep Handled.
[15:49:59] 	Object.eventHandler: EventStep Handled.
[15:49:59] 	Object.eventHandler: EventStep Handled.
[15:49:59] 	Object.eventHandler: EventStep Handled.
[15:49:59] 	Object.eventHandler: EventStep Handled.
[15:49:59] 	Object.eventHandler: EventStep Handled.
[15:50:00] 	Object.eventHandler: EventStep Handled.
[15:50:00] 	Object.eventHandler: EventStep Handled.
[15:50:00] 	Object.eventHandler: EventStep Handled.
[15:50:00] 	Object.eventHandler: EventStep Handled.
[15:50:00] 	Object.eventHandler: EventStep Handled.
[15:50:00] 	Object.eventHandler: EventStep Handled.
[15:50:00] 	Object.eventHandler: EventStep Handled.
[15:50:00] 	Object.eventHandler: EventStep Handled.
[15:50:00] 	Object.eventHandler: EventStep Handled.
[15:50:00] 	Object.eventHandler: EventStep Handled.
[15:50:00] 	Object.eventHandler: EventStep Handled.
[15:50:00] 	Object.eventHandler: EventStep Handled.
[15:50:00] 	Object.eventHandler: EventStep Handled.
[15:50:00] 	Object.eventHandler: EventStep Handled.
[15:50:00] IM: Event Recieved - UNKNOWN

[15:50:00] IM: Event Recieved - MouseMoved

[15:50:00] IM: Event Recieved - UNKNOWN

[15:50:00] IM: Event Recieved - MouseMoved

[15:50:00] 	Object.eventHandler: EventStep Handled.
[15:50:00] 	Object.eventHandler: EventStep Handled.
[15:50:00] IM: Event Recieved - UNKNOWN

[15:50:00] IM: Event Recieved - UNKNOWN

[15:50:00] IM: Event Recieved - UNKNOWN

[15:50:00] IM: Event Recieved - MouseMoved

[15:50:00] 	Object.eventHandler: EventStep Handled.
[15:50:00] 	Object.eventHandler: EventStep Handled.
[15:50:00] IM: Event Recieved - UNKNOWN

[15:50:00] IM: Event Recieved - UNKNOWN

[15:50:00] IM: Event Recieved - UNKNOWN

[15:50:00] IM: Event Recieved - MouseMoved

[15:50:00] IM: Event Recieved - MouseMoved

[15:50:00] 	Object.eventHandler: EventStep Handled.
[15:50:00] 	Object.eventHandler: EventStep Handled.
[15:50:00] IM: Event Recieved - UNKNOWN

[15:50:00] IM: Event Recieved - UNKNOWN

[15:50:00] IM: Event Recieved - UNKNOWN

[15:50:00] IM: Event Recieved - MouseMoved

[15:50:00] IM: Event Recieved - UNKNOWN

[15:50:00] 	Object.eventHandler: EventStep Handled.
[15:50:00] 	Object.eventHandler: EventStep Handled.
[15:50:00] IM: Event Recieved - UNKNOWN

[15:50:00] IM: Event Recieved - UNKNOWN

[15:50:00] IM: Event Recieved - UNKNOWN

[15:50:00] IM: Event Recieved - MouseMoved

[15:50:00] 	Object.eventHandler: EventStep Handled.
[15:50:00] 	Object.eventHandler: EventStep Handled.
[15:50:00] IM: Event Recieved - UNKNOWN

[15:50:00] IM: Event Recieved - UNKNOWN

[15:50:00] IM: Event Recieved - UNKNOWN

[15:50:00] IM: Event Recieved - UNKNOWN

[15:50:00] IM: Event Recieved - MouseMoved

[15:50:00] 	Object.eventHandler: EventStep Handled.
[15:50:00] 	Object.eventHandler: EventStep Handled.
[15:50:00] IM: Event Recieved - UNKNOWN

[15:50:00] IM: Event Recieved - UNKNOWN

[15:50:00] IM: Event Recieved - MouseMoved

[15:50:00] IM: Event Recieved - UNKNOWN

[15:50:00] 	Object.eventHandler: EventStep Handled.
[15:50:00] 	Object.eventHandler: EventStep Handled.
[15:50:00] IM: Event Recieved - UNKNOWN

[15:50:00] IM: Event Recieved - UNKNOWN

[15:50:00] IM: Event Recieved - UNKNOWN

[15:50:00] IM: Event Recieved - UNKNOWN

[15:50:00] IM: Event Recieved - MouseMoved

[15:50:00] 	Object.eventHandler: EventStep Handled.
[15:50:00] 	Object.eventHandler: EventStep Handled.
[15:50:00] IM: Event Recieved - UNKNOWN

[15:50:00] IM: Event Recieved - UNKNOWN

[15:50:00] IM: Event Recieved - UNKNOWN

[15:50:00] IM: Event Recieved - UNKNOWN

[15:50:00] IM: Event Recieved - MouseMoved

[15:50:00] 	Object.eventHandler: EventStep Handled.
[15:50:00] 	Object.eventHandler: EventStep Handled.
[15:50:00] IM: Event Recieved - UNKNOWN

[15:50:00] IM: Event Recieved - UNKNOWN

[15:50:00] IM: Event Recieved - MouseMoved

[15:50:00] 	Object.eventHandler: EventStep Handled.
[15:50:00] 	Object.eventHandler: EventStep Handled.
[15:50:00] IM: Event Recieved - UNKNOWN

[15:50:00] IM: Event Recieved - MouseMoved

[15:50:00] 	Object.eventHandler: EventStep Handled.
[15:50:00] 	Object.eventHandler: EventStep Handled.
[15:50:00] 	Object.eventHandler: EventStep Handled.
[15:50:00] 	Object.eventHandler: EventStep Handled.
