c:\users\ben\documents\github\dragonfly\vs-2022\belevydragonfly\x64\debug\vc143.pdb
c:\users\ben\documents\github\dragonfly\vs-2022\belevydragonfly\x64\debug\vc143.idb
c:\users\ben\documents\github\dragonfly\vs-2022\belevydragonfly\x64\debug\eventview.obj
c:\users\ben\documents\github\dragonfly\vs-2022\belevydragonfly\x64\debug\eventstep.obj
c:\users\ben\documents\github\dragonfly\vs-2022\belevydragonfly\x64\debug\eventout.obj
c:\users\ben\documents\github\dragonfly\vs-2022\belevydragonfly\x64\debug\eventmouse.obj
c:\users\ben\documents\github\dragonfly\vs-2022\belevydragonfly\x64\debug\eventkeyboard.obj
c:\users\ben\documents\github\dragonfly\vs-2022\belevydragonfly\x64\debug\eventcollision.obj
c:\users\ben\documents\github\dragonfly\vs-2022\belevydragonfly\x64\debug\event.obj
c:\users\ben\documents\github\dragonfly\vs-2022\belevydragonfly\x64\debug\clock.obj
c:\users\ben\documents\github\dragonfly\vs-2022\belevydragonfly\x64\debug\box.obj
c:\users\ben\documents\github\dragonfly\vs-2022\belevydragonfly\x64\debug\animation.obj
c:\users\ben\documents\github\dragonfly\vs-2022\belevydragonfly\x64\debug\vector.obj
c:\users\ben\documents\github\dragonfly\vs-2022\belevydragonfly\x64\debug\eventnuke.obj
c:\users\ben\documents\github\dragonfly\vs-2022\belevydragonfly\x64\debug\sprite.obj
c:\users\ben\documents\github\dragonfly\vs-2022\belevydragonfly\x64\debug\objectlist.obj
c:\users\ben\documents\github\dragonfly\vs-2022\belevydragonfly\x64\debug\frame.obj
c:\users\ben\documents\github\dragonfly\vs-2022\belevydragonfly\x64\debug\sound.obj
c:\users\ben\documents\github\dragonfly\vs-2022\belevydragonfly\x64\debug\bullet.obj
c:\users\ben\documents\github\dragonfly\vs-2022\belevydragonfly\x64\debug\explosion.obj
c:\users\ben\documents\github\dragonfly\vs-2022\belevydragonfly\x64\debug\star.obj
c:\users\ben\documents\github\dragonfly\vs-2022\belevydragonfly\x64\debug\saucer.obj
c:\users\ben\documents\github\dragonfly\vs-2022\belevydragonfly\x64\debug\reticle.obj
c:\users\ben\documents\github\dragonfly\vs-2022\belevydragonfly\x64\debug\points.obj
c:\users\ben\documents\github\dragonfly\vs-2022\belevydragonfly\x64\debug\hero.obj
c:\users\ben\documents\github\dragonfly\vs-2022\belevydragonfly\x64\debug\gamestart.obj
c:\users\ben\documents\github\dragonfly\vs-2022\belevydragonfly\x64\debug\gameover.obj
c:\users\ben\documents\github\dragonfly\vs-2022\belevydragonfly\x64\debug\object.obj
c:\users\ben\documents\github\dragonfly\vs-2022\belevydragonfly\x64\debug\music.obj
c:\users\ben\documents\github\dragonfly\vs-2022\belevydragonfly\x64\debug\worldmanager.obj
c:\users\ben\documents\github\dragonfly\vs-2022\belevydragonfly\x64\debug\resourcemanager.obj
c:\users\ben\documents\github\dragonfly\vs-2022\belevydragonfly\x64\debug\manager.obj
c:\users\ben\documents\github\dragonfly\vs-2022\belevydragonfly\x64\debug\logmanager.obj
c:\users\ben\documents\github\dragonfly\vs-2022\belevydragonfly\x64\debug\inputmanager.obj
c:\users\ben\documents\github\dragonfly\vs-2022\belevydragonfly\x64\debug\gamemanager.obj
c:\users\ben\documents\github\dragonfly\vs-2022\belevydragonfly\x64\debug\displaymanager.obj
c:\users\ben\documents\github\dragonfly\vs-2022\belevydragonfly\x64\debug\game.obj
c:\users\ben\documents\github\dragonfly\vs-2022\belevydragonfly\x64\debug\viewobject.obj
c:\users\ben\documents\github\dragonfly\vs-2022\belevydragonfly\x64\debug\utility.obj
c:\users\ben\documents\github\dragonfly\vs-2022\belevydragonfly\x64\debug\testreticle.obj
c:\users\ben\documents\github\dragonfly\vs-2022\belevydragonfly\x64\debug\testmoveobject.obj
c:\users\ben\documents\github\dragonfly\vs-2022\belevydragonfly\x64\debug\testing.obj
c:\users\ben\documents\github\dragonfly\vs-2022\x64\debug\belevydragonfly.exe
c:\users\ben\documents\github\dragonfly\vs-2022\x64\debug\belevydragonfly.pdb
c:\users\ben\documents\github\dragonfly\vs-2022\belevydragonfly\x64\debug\belevydragonfly.ilk
c:\users\ben\documents\github\dragonfly\vs-2022\belevydragonfly\x64\debug\belevydragonfly.tlog\cl.command.1.tlog
c:\users\ben\documents\github\dragonfly\vs-2022\belevydragonfly\x64\debug\belevydragonfly.tlog\cl.items.tlog
c:\users\ben\documents\github\dragonfly\vs-2022\belevydragonfly\x64\debug\belevydragonfly.tlog\cl.read.1.tlog
c:\users\ben\documents\github\dragonfly\vs-2022\belevydragonfly\x64\debug\belevydragonfly.tlog\cl.write.1.tlog
c:\users\ben\documents\github\dragonfly\vs-2022\belevydragonfly\x64\debug\belevydragonfly.tlog\link.command.1.tlog
c:\users\ben\documents\github\dragonfly\vs-2022\belevydragonfly\x64\debug\belevydragonfly.tlog\link.read.1.tlog
c:\users\ben\documents\github\dragonfly\vs-2022\belevydragonfly\x64\debug\belevydragonfly.tlog\link.secondary.1.tlog
c:\users\ben\documents\github\dragonfly\vs-2022\belevydragonfly\x64\debug\belevydragonfly.tlog\link.write.1.tlog
